<?xml version="1.0" encoding="utf-8"?><testsuites name="pytest tests"><testsuite name="pytest" errors="0" failures="5" skipped="80" tests="491" time="13.377" timestamp="2025-09-11T23:10:32.264874-07:00" hostname="Joshuas-MacBook-Pro-2.local"><testcase classname="tests.integration.test_cache_redis_integration.TestCacheRedisIntegration" name="test_redis_connection_and_operations" time="0.000"><skipped type="pytest.skip" message="Redis URL not configured">/Users/joshuafield/Documents/Ultra/tests/integration/test_cache_redis_integration.py:62: Redis URL not configured</skipped></testcase><testcase classname="tests.integration.test_cache_redis_integration.TestCacheRedisIntegration" name="test_redis_ttl_expiration" time="0.000"><skipped type="pytest.skip" message="Redis URL not configured">/Users/joshuafield/Documents/Ultra/tests/integration/test_cache_redis_integration.py:76: Redis URL not configured</skipped></testcase><testcase classname="tests.integration.test_cache_redis_integration.TestCacheRedisIntegration" name="test_redis_increment_operations" time="0.000"><skipped type="pytest.skip" message="Redis URL not configured">/Users/joshuafield/Documents/Ultra/tests/integration/test_cache_redis_integration.py:91: Redis URL not configured</skipped></testcase><testcase classname="tests.integration.test_cache_redis_integration.TestCacheRedisIntegration" name="test_redis_pattern_operations" time="0.000"><skipped type="pytest.skip" message="Redis URL not configured">/Users/joshuafield/Documents/Ultra/tests/integration/test_cache_redis_integration.py:105: Redis URL not configured</skipped></testcase><testcase classname="tests.integration.test_cache_redis_integration.TestCacheRedisIntegration" name="test_redis_json_operations" time="0.000"><skipped type="pytest.skip" message="Redis URL not configured">/Users/joshuafield/Documents/Ultra/tests/integration/test_cache_redis_integration.py:128: Redis URL not configured</skipped></testcase><testcase classname="tests.integration.test_cache_redis_integration.TestCacheRedisIntegration" name="test_redis_fallback_on_connection_loss" time="0.000"><skipped type="pytest.skip" message="Redis URL not configured">/Users/joshuafield/Documents/Ultra/tests/integration/test_cache_redis_integration.py:156: Redis URL not configured</skipped></testcase><testcase classname="tests.integration.test_cache_redis_integration.TestCacheRedisIntegration" name="test_redis_concurrent_operations" time="0.000"><skipped type="pytest.skip" message="Redis URL not configured">/Users/joshuafield/Documents/Ultra/tests/integration/test_cache_redis_integration.py:183: Redis URL not configured</skipped></testcase><testcase classname="tests.integration.test_cache_redis_integration.TestCacheRedisIntegration" name="test_redis_performance_comparison" time="0.000"><skipped type="pytest.skip" message="Redis URL not configured">/Users/joshuafield/Documents/Ultra/tests/integration/test_cache_redis_integration.py:210: Redis URL not configured</skipped></testcase><testcase classname="tests.integration.test_cache_redis_integration.TestCacheRouteIntegration" name="test_cache_stats_endpoint" time="0.138" /><testcase classname="tests.integration.test_cache_redis_integration.TestCacheRouteIntegration" name="test_cache_health_endpoint" time="0.017" /><testcase classname="tests.integration.test_cache_redis_integration.TestCacheRouteIntegration" name="test_cache_clear_endpoint" time="0.022" /><testcase classname="tests.integration.test_database_integration" name="test_user_creation_and_retrieval" time="0.092" /><testcase classname="tests.integration.test_database_integration" name="test_transaction_rollback" time="0.020" /><testcase classname="tests.integration.test_database_integration_mock" name="test_user_creation_and_retrieval" time="0.001" /><testcase classname="tests.integration.test_database_integration_mock" name="test_transaction_rollback" time="0.002" /><testcase classname="tests.integration.test_database_integration_mock" name="test_analysis_creation" time="0.001" /><testcase classname="tests.integration.test_database_integration_mock" name="test_document_processing" time="0.001" /><testcase classname="tests.integration.test_health_integration" name="test_health_endpoint_basic" time="0.015" /><testcase classname="tests.integration.test_health_integration" name="test_health_services_endpoint" time="0.003" /><testcase classname="tests.integration.test_health_integration" name="test_health_endpoints_not_caught_by_spa" time="0.011" /><testcase classname="tests.production.test_network_and_orchestrator" name="test_external_endpoints_reachable" time="0.000"><skipped type="pytest.skip" message="Production tests require OPENAI_API_KEY and ANTHROPIC_API_KEY">/Users/joshuafield/Documents/Ultra/tests/production/test_network_and_orchestrator.py:9: Production tests require OPENAI_API_KEY and ANTHROPIC_API_KEY</skipped></testcase><testcase classname="tests.production.test_network_and_orchestrator" name="test_orchestrator_pipeline_openai" time="0.000"><skipped type="pytest.skip" message="Production test requires OPENAI_API_KEY">/Users/joshuafield/Documents/Ultra/tests/production/test_network_and_orchestrator.py:34: Production test requires OPENAI_API_KEY</skipped></testcase><testcase classname="tests.test_analysis_pipeline" name="test_process_text_default_layers" time="0.002" /><testcase classname="tests.test_analysis_pipeline" name="test_process_text_with_unknown_layer_skipped" time="0.002" /><testcase classname="tests.test_analysis_service" name="test_get_user_analyses" time="0.002" /><testcase classname="tests.test_analysis_service" name="test_get_document_analyses_with_access" time="0.001" /><testcase classname="tests.test_analysis_service" name="test_create_analysis_with_doc_check" time="0.001" /><testcase classname="tests.test_analysis_service" name="test_update_analysis_status_and_permission" time="0.001" /><testcase classname="tests.test_analysis_service" name="test_get_analysis_by_id_and_permission" time="0.001" /><testcase classname="tests.test_analysis_service" name="test_get_pattern_stats" time="0.001" /><testcase classname="tests.test_api_failure_handler" name="test_get_statistics_initial" time="0.001" /><testcase classname="tests.test_api_failure_handler" name="test_execute_api_call_cache_hit" time="0.002" /><testcase classname="tests.test_api_failure_handler" name="test_execute_api_call_provider_success" time="0.002" /><testcase classname="tests.test_auth_rate_limit.TestAuthMiddleware" name="test_public_endpoints_no_auth" time="0.017" /><testcase classname="tests.test_auth_rate_limit.TestAuthMiddleware" name="test_admin_endpoints_require_auth" time="0.011" /><testcase classname="tests.test_auth_rate_limit.TestAuthMiddleware" name="test_debug_endpoints_require_auth" time="0.008" /><testcase classname="tests.test_auth_rate_limit.TestAuthMiddleware" name="test_valid_jwt_token_allows_access" time="0.012" /><testcase classname="tests.test_auth_rate_limit.TestAuthMiddleware" name="test_valid_api_key_allows_access" time="0.014" /><testcase classname="tests.test_auth_rate_limit.TestAuthMiddleware" name="test_invalid_auth_rejected" time="0.013" /><testcase classname="tests.test_auth_rate_limit.TestRateLimiting" name="test_rate_limit_headers_added" time="0.010" /><testcase classname="tests.test_auth_rate_limit.TestRateLimiting" name="test_rate_limit_exceeded_returns_429" time="0.011" /><testcase classname="tests.test_auth_rate_limit.TestRateLimiting" name="test_per_user_rate_limiting" time="0.012" /><testcase classname="tests.test_auth_rate_limit.TestRateLimiting" name="test_ip_based_rate_limiting_for_unauthenticated" time="0.013" /><testcase classname="tests.test_auth_rate_limit.TestRateLimiting" name="test_rate_limiting_disabled_when_redis_unavailable" time="0.015" /><testcase classname="tests.test_auth_rate_limit.TestAuthRateLimitIntegration" name="test_authenticated_user_gets_tier_based_limits" time="0.015" /><testcase classname="tests.test_auth_rate_limit.TestAuthRateLimitIntegration" name="test_env_variable_controls" time="0.026" /><testcase classname="tests.test_auth_rate_limit.TestAuthRateLimitIntegration" name="test_rate_limit_tier_override_in_testing" time="0.013" /><testcase classname="tests.test_basic_orchestrator" name="test_orchestrate_basic_success" time="1.530" /><testcase classname="tests.test_basic_orchestrator" name="test_orchestrate_basic_empty_prompt" time="0.519" /><testcase classname="tests.test_basic_orchestrator" name="test_orchestrate_basic_no_models_defaults" time="1.638" /><testcase classname="tests.test_config_example.TestConfigurationExample" name="test_mode_detection" time="0.002" /><testcase classname="tests.test_config_example.TestConfigurationExample" name="test_endpoint_configuration" time="0.001" /><testcase classname="tests.test_config_example.TestConfigurationExample" name="test_mock_behavior" time="0.007" /><testcase classname="tests.test_config_example.TestConfigurationExample" name="test_requiring_external_services" time="0.000"><skipped type="pytest.skip" message="Test skipped in OFFLINE mode">/Users/joshuafield/Documents/Ultra/tests/test_config_example.py:41: Test skipped in OFFLINE mode</skipped></testcase><testcase classname="tests.test_config_example.TestConfigurationExample" name="test_integration_only" time="0.000"><skipped type="pytest.skip" message="Test requires TestMode.INTEGRATION mode">/Users/joshuafield/Documents/Ultra/tests/test_config_example.py:48: Test requires TestMode.INTEGRATION mode</skipped></testcase><testcase classname="tests.test_config_example.TestConfigurationExample" name="test_production_endpoint" time="0.002"><skipped type="pytest.skip" message="Test requires PRODUCTION mode">/Users/joshuafield/Documents/Ultra/tests/test_config_example.py:73: Test requires PRODUCTION mode</skipped></testcase><testcase classname="tests.test_config_example.TestMockConfiguration" name="test_mock_responses_available" time="0.001" /><testcase classname="tests.test_config_example.TestMockConfiguration" name="test_mock_adapter_creation" time="0.001" /><testcase classname="tests.test_config_example.TestMockConfiguration" name="test_timeout_configuration" time="0.001" /><testcase classname="tests.test_config_example" name="test_offline_specific" time="0.001" /><testcase classname="tests.test_configuration_system.TestConfigurationSystem" name="test_configuration_loads" time="0.001" /><testcase classname="tests.test_configuration_system.TestConfigurationSystem" name="test_endpoints_configured" time="0.001" /><testcase classname="tests.test_configuration_system.TestConfigurationSystem" name="test_mock_configuration" time="0.002" /><testcase classname="tests.test_configuration_system.TestConfigurationSystem" name="test_timeout_configuration" time="0.001" /><testcase classname="tests.test_configuration_system.TestConfigurationSystem" name="test_mock_llm_adapter" time="0.002" /><testcase classname="tests.test_configuration_system.TestConfigurationSystem" name="test_skip_reasons" time="0.001" /><testcase classname="tests.test_configuration_system.TestConfigurationSystem" name="test_environment_variables" time="0.001" /><testcase classname="tests.test_configuration_system" name="test_pytest_working" time="0.001" /><testcase classname="tests.test_example_modes.TestModeExamples" name="test_always_runs" time="0.001" /><testcase classname="tests.test_example_modes.TestModeExamples" name="test_integration_only" time="0.003"><failure message="AssertionError: assert == failed. [pytest-clarity diff shown]&#10;  #x1B[0m&#10;  #x1B[0m#x1B[32mLHS#x1B[0m vs #x1B[31mRHS#x1B[0m shown below&#10;  #x1B[0m&#10;  #x1B[0m#x1B[32m&lt;TestMode.OFFLINE: 'offline'&gt;#x1B[0m&#10;  #x1B[0m#x1B[31m&lt;TestMode.INTEGRATION: 'int'&gt;#x1B[0m&#10;  #x1B[0m">tests/test_example_modes.py:26: in test_integration_only
    assert test_config.mode == TestMode.INTEGRATION
E   AssertionError: assert == failed. [pytest-clarity diff shown]
E     #x1B[0m
E     #x1B[0m#x1B[32mLHS#x1B[0m vs #x1B[31mRHS#x1B[0m shown below
E     #x1B[0m
E     #x1B[0m#x1B[32m&lt;TestMode.OFFLINE: 'offline'&gt;#x1B[0m
E     #x1B[0m#x1B[31m&lt;TestMode.INTEGRATION: 'int'&gt;#x1B[0m
E     #x1B[0m</failure></testcase><testcase classname="tests.test_example_modes.TestModeExamples" name="test_live_or_production" time="0.000"><skipped type="pytest.skip" message="Test requires mode (&lt;TestMode.LIVE: 'live'&gt;, &lt;TestMode.PRODUCTION: 'prod'&gt;), current mode is TestMode.OFFLINE">/Users/joshuafield/Documents/Ultra/tests/test_example_modes.py:29: Test requires mode (&lt;TestMode.LIVE: 'live'&gt;, &lt;TestMode.PRODUCTION: 'prod'&gt;), current mode is TestMode.OFFLINE</skipped></testcase><testcase classname="tests.test_example_modes.TestModeExamples" name="test_needs_some_services" time="0.000"><skipped type="pytest.skip" message="Test skipped in mode TestMode.OFFLINE">/Users/joshuafield/Documents/Ultra/tests/test_example_modes.py:35: Test skipped in mode TestMode.OFFLINE</skipped></testcase><testcase classname="tests.test_example_modes.TestModeExamples" name="test_check_configuration" time="0.001" /><testcase classname="tests.test_example_modes.TestModeExamples" name="test_environment_variables" time="0.001" /><testcase classname="tests.test_llm_adapters_comprehensive.TestBaseAdapter" name="test_base_adapter_requires_api_key" time="0.001" /><testcase classname="tests.test_llm_adapters_comprehensive.TestBaseAdapter" name="test_base_adapter_stores_config" time="0.001" /><testcase classname="tests.test_llm_adapters_comprehensive.TestBaseAdapter" name="test_base_adapter_generate_not_implemented" time="0.001" /><testcase classname="tests.test_llm_adapters_comprehensive.TestOpenAIAdapter" name="test_openai_adapter_initialization" time="0.001" /><testcase classname="tests.test_llm_adapters_comprehensive.TestOpenAIAdapter" name="test_openai_adapter_successful_response" time="0.001" /><testcase classname="tests.test_llm_adapters_comprehensive.TestOpenAIAdapter" name="test_openai_adapter_authentication_error" time="0.003"><failure message="assert in failed. [pytest-clarity diff shown]&#10;  #x1B[0m&#10;  #x1B[0m#x1B[32mLHS#x1B[0m vs #x1B[31mRHS#x1B[0m shown below&#10;  #x1B[0m&#10;  #x1B[0m#x1B[32mError: OpenAI API authentication failed#x1B[0m&#10;  #x1B[0m#x1B[31mError: An issue occurred with the OpenAI API: Event loop is closed#x1B[0m&#10;  #x1B[0m">tests/test_llm_adapters_comprehensive.py:92: in test_openai_adapter_authentication_error
    assert "Error: OpenAI API authentication failed" in result["generated_text"]
E   assert in failed. [pytest-clarity diff shown]
E     #x1B[0m
E     #x1B[0m#x1B[32mLHS#x1B[0m vs #x1B[31mRHS#x1B[0m shown below
E     #x1B[0m
E     #x1B[0m#x1B[32mError: OpenAI API authentication failed#x1B[0m
E     #x1B[0m#x1B[31mError: An issue occurred with the OpenAI API: Event loop is closed#x1B[0m
E     #x1B[0m</failure></testcase><testcase classname="tests.test_llm_adapters_comprehensive.TestOpenAIAdapter" name="test_openai_adapter_model_not_found_error" time="0.001" /><testcase classname="tests.test_llm_adapters_comprehensive.TestOpenAIAdapter" name="test_openai_adapter_timeout_error" time="0.002" /><testcase classname="tests.test_llm_adapters_comprehensive.TestAnthropicAdapter" name="test_anthropic_adapter_initialization" time="0.001" /><testcase classname="tests.test_llm_adapters_comprehensive.TestAnthropicAdapter" name="test_anthropic_adapter_successful_response" time="0.001" /><testcase classname="tests.test_llm_adapters_comprehensive.TestAnthropicAdapter" name="test_anthropic_adapter_authentication_error" time="0.005" /><testcase classname="tests.test_llm_adapters_comprehensive.TestAnthropicAdapter" name="test_anthropic_adapter_model_not_found_error" time="0.002" /><testcase classname="tests.test_llm_adapters_comprehensive.TestGeminiAdapter" name="test_gemini_adapter_initialization" time="0.001" /><testcase classname="tests.test_llm_adapters_comprehensive.TestGeminiAdapter" name="test_gemini_adapter_successful_response" time="0.001" /><testcase classname="tests.test_llm_adapters_comprehensive.TestGeminiAdapter" name="test_gemini_adapter_authentication_error" time="0.001" /><testcase classname="tests.test_llm_adapters_comprehensive.TestGeminiAdapter" name="test_gemini_adapter_bad_request_error" time="0.001" /><testcase classname="tests.test_llm_adapters_comprehensive.TestHuggingFaceAdapter" name="test_huggingface_adapter_initialization" time="0.001" /><testcase classname="tests.test_llm_adapters_comprehensive.TestHuggingFaceAdapter" name="test_huggingface_adapter_successful_response" time="0.001" /><testcase classname="tests.test_llm_adapters_comprehensive.TestHuggingFaceAdapter" name="test_huggingface_adapter_model_loading_error" time="0.002" /><testcase classname="tests.test_llm_adapters_comprehensive.TestHuggingFaceAdapter" name="test_huggingface_adapter_chat_model_formatting" time="0.001" /><testcase classname="tests.test_llm_adapters_comprehensive.TestLLMAdapterIntegration" name="test_adapter_integration_in_orchestrator" time="0.009" /><testcase classname="tests.test_model_registry" name="test_register_and_create_instance" time="0.001" /><testcase classname="tests.test_model_registry" name="test_list_models_and_unregister" time="0.001" /><testcase classname="tests.test_model_registry" name="test_update_config_and_record_usage" time="0.001" /><testcase classname="tests.test_model_registry" name="test_errors_on_invalid_operations" time="0.001" /><testcase classname="tests.test_orchestration_service" name="test_run_pipeline_completes_all_stages" time="0.004" /><testcase classname="tests.test_orchestration_service" name="test_run_pipeline_stops_on_stage_error" time="0.002" /><testcase classname="tests.test_orchestration_synthesis.TestUltraSynthesisOrchestrator" name="test_initial_response_stage_with_single_model" time="0.002" /><testcase classname="tests.test_orchestration_synthesis.TestUltraSynthesisOrchestrator" name="test_initial_response_stage_with_multiple_models" time="0.002" /><testcase classname="tests.test_orchestration_synthesis.TestUltraSynthesisOrchestrator" name="test_meta_analysis_stage_enhances_responses" time="0.002" /><testcase classname="tests.test_orchestration_synthesis.TestUltraSynthesisOrchestrator" name="test_ultra_synthesis_stage_creates_comprehensive_synthesis" time="0.002" /><testcase classname="tests.test_orchestration_synthesis.TestUltraSynthesisOrchestrator" name="test_full_pipeline_with_multiple_models" time="0.003" /><testcase classname="tests.test_orchestration_synthesis.TestUltraSynthesisOrchestrator" name="test_synthesis_content_validation" time="0.002" /><testcase classname="tests.test_prompt_service" name="test_placeholder_prompt_service" time="0.001" /><testcase classname="tests.test_prompt_service" name="test_default_templates_registered" time="0.001" /><testcase classname="tests.test_prompt_service" name="test_register_and_get_template" time="0.001" /><testcase classname="tests.test_prompt_service" name="test_register_duplicate_raises" time="0.001" /><testcase classname="tests.test_prompt_service" name="test_update_template" time="0.001" /><testcase classname="tests.test_prompt_service" name="test_format_output_plain" time="0.001" /><testcase classname="tests.test_prompt_service" name="test_format_output_html" time="0.002" /><testcase classname="tests.test_prompt_service" name="test_format_output_json" time="0.001" /><testcase classname="tests.test_prompt_service" name="test_render_template_success" time="0.001" /><testcase classname="tests.test_prompt_service" name="test_render_template_missing_var" time="0.001" /><testcase classname="tests.test_prompt_service" name="test_render_template_invalid_var" time="0.001" /><testcase classname="tests.test_prompt_templates" name="test_register_and_get_template" time="0.001" /><testcase classname="tests.test_prompt_templates" name="test_list_templates_empty" time="0.001" /><testcase classname="tests.test_prompt_templates" name="test_render_template_success" time="0.002" /><testcase classname="tests.test_prompt_templates" name="test_render_template_missing_strict" time="0.001" /><testcase classname="tests.test_prompt_templates" name="test_render_template_missing_not_strict" time="0.001" /><testcase classname="tests.test_prompt_templates" name="test_load_templates_from_file" time="0.002" /><testcase classname="tests.test_quality_evaluation" name="test_evaluate_response_defaults" time="0.001" /><testcase classname="tests.test_quality_evaluation" name="test_compare_responses_returns_correct_keys" time="0.001" /><testcase classname="tests.test_quality_evaluation" name="test_generate_quality_report_selects_best" time="0.001" /><testcase classname="tests.test_rate_limit_service" name="test_placeholder_rate_limit_service" time="0.001" /><testcase classname="tests.test_rate_limit_service_logic" name="test_get_window_seconds[second-1]" time="0.001" /><testcase classname="tests.test_rate_limit_service_logic" name="test_get_window_seconds[minute-60]" time="0.001" /><testcase classname="tests.test_rate_limit_service_logic" name="test_get_window_seconds[hour-3600]" time="0.001" /><testcase classname="tests.test_rate_limit_service_logic" name="test_get_window_seconds[day-86400]" time="0.001" /><testcase classname="tests.test_rate_limit_service_logic" name="test_tier_limits_keys" time="0.001" /><testcase classname="tests.test_rate_limit_service_logic" name="test_default_tier_is_free" time="0.001" /><testcase classname="tests.test_rate_limiter" name="test_register_endpoint_and_stats" time="0.001" /><testcase classname="tests.test_rate_limiter" name="test_acquire_unregistered_raises" time="0.001" /><testcase classname="tests.test_rate_limiter" name="test_acquire_increments_current_requests" time="0.001" /><testcase classname="tests.test_rate_limiter" name="test_release_unregistered_does_nothing_and_stats_empty" time="0.001" /><testcase classname="tests.test_rate_limiter" name="test_release_adjusts_backoff" time="0.001" /><testcase classname="tests.test_resilient_llm_adapter.TestCircuitBreaker" name="test_circuit_breaker_initialization" time="0.001" /><testcase classname="tests.test_resilient_llm_adapter.TestCircuitBreaker" name="test_circuit_breaker_opens_after_failures" time="0.001" /><testcase classname="tests.test_resilient_llm_adapter.TestCircuitBreaker" name="test_circuit_breaker_half_open_after_timeout" time="0.202" /><testcase classname="tests.test_resilient_llm_adapter.TestCircuitBreaker" name="test_async_circuit_breaker" time="0.002" /><testcase classname="tests.test_resilient_llm_adapter.TestResilientLLMAdapter" name="test_successful_generation" time="0.008" /><testcase classname="tests.test_resilient_llm_adapter.TestResilientLLMAdapter" name="test_retry_on_timeout" time="0.966" /><testcase classname="tests.test_resilient_llm_adapter.TestResilientLLMAdapter" name="test_no_retry_on_client_error" time="0.019" /><testcase classname="tests.test_resilient_llm_adapter.TestResilientLLMAdapter" name="test_circuit_breaker_integration" time="0.009" /><testcase classname="tests.test_resilient_llm_adapter.TestResilientLLMAdapter" name="test_exponential_backoff_with_jitter" time="0.304" /><testcase classname="tests.test_resilient_llm_adapter.TestResilientLLMAdapter" name="test_provider_specific_timeouts" time="0.032" /><testcase classname="tests.test_resilient_llm_adapter.TestResilientLLMAdapter" name="test_metrics_tracking" time="0.008" /><testcase classname="tests.test_resilient_llm_adapter.TestResilientLLMAdapter" name="test_cleanup" time="0.012" /><testcase classname="tests.test_resilient_llm_adapter.TestProviderConfigurations" name="test_openai_config" time="0.001" /><testcase classname="tests.test_resilient_llm_adapter.TestProviderConfigurations" name="test_anthropic_config" time="0.001" /><testcase classname="tests.test_resilient_llm_adapter.TestProviderConfigurations" name="test_google_config" time="0.001" /><testcase classname="tests.test_resilient_llm_adapter.TestResilientAdapterIntegration" name="test_create_resilient_adapter_detection" time="0.020" /><testcase classname="tests.test_service_instantiation" name="test_instantiate_service_class[analysis_pipeline-AnalysisPipeline-AnalysisPipeline]" time="0.002" /><testcase classname="tests.test_service_instantiation" name="test_instantiate_service_class[analysis_pipeline-AnalysisResult-AnalysisResult]" time="0.001" /><testcase classname="tests.test_service_instantiation" name="test_instantiate_service_class[analysis_pipeline-ModelRegistry-ModelRegistry]" time="0.001" /><testcase classname="tests.test_service_instantiation" name="test_instantiate_service_class[analysis_service-AnalysisService-AnalysisService]" time="0.001" /><testcase classname="tests.test_service_instantiation" name="test_instantiate_service_class[analysis_service-DocumentService-DocumentService]" time="0.001" /><testcase classname="tests.test_service_instantiation" name="test_instantiate_service_class[api_failure_handler-APICallContext-APICallContext]" time="0.001" /><testcase classname="tests.test_service_instantiation" name="test_instantiate_service_class[api_failure_handler-APIFailureHandler-APIFailureHandler]" time="0.001" /><testcase classname="tests.test_service_instantiation" name="test_instantiate_service_class[api_failure_handler-APIProvider-APIProvider]" time="0.002"><skipped type="pytest.skip" message="Could not instantiate api_failure_handler.APIProvider">/Users/joshuafield/Documents/Ultra/tests/test_service_instantiation.py:45: Could not instantiate api_failure_handler.APIProvider</skipped></testcase><testcase classname="tests.test_service_instantiation" name="test_instantiate_service_class[auth_service-AuthService-AuthService]" time="0.001" /><testcase classname="tests.test_service_instantiation" name="test_instantiate_service_class[auth_service_new-AuthService-AuthService]" time="0.001" /><testcase classname="tests.test_service_instantiation" name="test_instantiate_service_class[base_llm_adapter-EnhancedBaseAdapter-EnhancedBaseAdapter]" time="0.001"><skipped type="pytest.skip" message="Could not instantiate base_llm_adapter.EnhancedBaseAdapter">/Users/joshuafield/Documents/Ultra/tests/test_service_instantiation.py:45: Could not instantiate base_llm_adapter.EnhancedBaseAdapter</skipped></testcase><testcase classname="tests.test_service_instantiation" name="test_instantiate_service_class[cache_service-CacheService-CacheService]" time="0.001" /><testcase classname="tests.test_service_instantiation" name="test_instantiate_service_class[db_optimization_service-DatabaseOptimizationService-DatabaseOptimizationService]" time="0.001" /><testcase classname="tests.test_service_instantiation" name="test_instantiate_service_class[document_processor-UltraDocumentsOptimized-UltraDocumentsOptimized]" time="0.001" /><testcase classname="tests.test_service_instantiation" name="test_instantiate_service_class[document_service-DocumentService-DocumentService]" time="0.001" /><testcase classname="tests.test_service_instantiation" name="test_instantiate_service_class[enhanced_llm_adapters-EnhancedAnthropicAdapter-EnhancedAnthropicAdapter]" time="0.001" /><testcase classname="tests.test_service_instantiation" name="test_instantiate_service_class[enhanced_llm_adapters-EnhancedBaseAdapter-EnhancedBaseAdapter]" time="0.003"><skipped type="pytest.skip" message="Could not instantiate enhanced_llm_adapters.EnhancedBaseAdapter">/Users/joshuafield/Documents/Ultra/tests/test_service_instantiation.py:45: Could not instantiate enhanced_llm_adapters.EnhancedBaseAdapter</skipped></testcase><testcase classname="tests.test_service_instantiation" name="test_instantiate_service_class[enhanced_llm_adapters-EnhancedGeminiAdapter-EnhancedGeminiAdapter]" time="0.001" /><testcase classname="tests.test_service_instantiation" name="test_instantiate_service_class[enhanced_llm_adapters-EnhancedHuggingFaceAdapter-EnhancedHuggingFaceAdapter]" time="0.003" /><testcase classname="tests.test_service_instantiation" name="test_instantiate_service_class[enhanced_llm_adapters-EnhancedOpenAIAdapter-EnhancedOpenAIAdapter]" time="0.001" /><testcase classname="tests.test_service_instantiation" name="test_instantiate_service_class[health_service-HealthService-HealthService]" time="0.001" /><testcase classname="tests.test_service_instantiation" name="test_instantiate_service_class[interfaces-BillingServiceInterface-BillingServiceInterface]" time="0.001"><skipped type="pytest.skip" message="Could not instantiate interfaces.BillingServiceInterface">/Users/joshuafield/Documents/Ultra/tests/test_service_instantiation.py:45: Could not instantiate interfaces.BillingServiceInterface</skipped></testcase><testcase classname="tests.test_service_instantiation" name="test_instantiate_service_class[interfaces-BudgetServiceInterface-BudgetServiceInterface]" time="0.001"><skipped type="pytest.skip" message="Could not instantiate interfaces.BudgetServiceInterface">/Users/joshuafield/Documents/Ultra/tests/test_service_instantiation.py:45: Could not instantiate interfaces.BudgetServiceInterface</skipped></testcase><testcase classname="tests.test_service_instantiation" name="test_instantiate_service_class[interfaces-PricingServiceInterface-PricingServiceInterface]" time="0.001"><skipped type="pytest.skip" message="Could not instantiate interfaces.PricingServiceInterface">/Users/joshuafield/Documents/Ultra/tests/test_service_instantiation.py:45: Could not instantiate interfaces.PricingServiceInterface</skipped></testcase><testcase classname="tests.test_service_instantiation" name="test_instantiate_service_class[llm_adapter_factory-AnthropicAdapter-AnthropicAdapter]" time="0.002" /><testcase classname="tests.test_service_instantiation" name="test_instantiate_service_class[llm_adapter_factory-EnhancedAnthropicAdapter-EnhancedAnthropicAdapter]" time="0.002" /><testcase classname="tests.test_service_instantiation" name="test_instantiate_service_class[llm_adapter_factory-EnhancedGeminiAdapter-EnhancedGeminiAdapter]" time="0.002" /><testcase classname="tests.test_service_instantiation" name="test_instantiate_service_class[llm_adapter_factory-EnhancedHuggingFaceAdapter-EnhancedHuggingFaceAdapter]" time="0.002" /><testcase classname="tests.test_service_instantiation" name="test_instantiate_service_class[llm_adapter_factory-EnhancedOpenAIAdapter-EnhancedOpenAIAdapter]" time="0.002" /><testcase classname="tests.test_service_instantiation" name="test_instantiate_service_class[llm_adapter_factory-GeminiAdapter-GeminiAdapter]" time="0.001" /><testcase classname="tests.test_service_instantiation" name="test_instantiate_service_class[llm_adapter_factory-HuggingFaceAdapter-HuggingFaceAdapter]" time="0.001" /><testcase classname="tests.test_service_instantiation" name="test_instantiate_service_class[llm_adapter_factory-LLMAdapterFactory-LLMAdapterFactory]" time="0.002" /><testcase classname="tests.test_service_instantiation" name="test_instantiate_service_class[llm_adapter_factory-OpenAIAdapter-OpenAIAdapter]" time="0.002" /><testcase classname="tests.test_service_instantiation" name="test_instantiate_service_class[llm_adapters-AnthropicAdapter-AnthropicAdapter]" time="0.001" /><testcase classname="tests.test_service_instantiation" name="test_instantiate_service_class[llm_adapters-BaseAdapter-BaseAdapter]" time="0.001" /><testcase classname="tests.test_service_instantiation" name="test_instantiate_service_class[llm_adapters-GeminiAdapter-GeminiAdapter]" time="0.001" /><testcase classname="tests.test_service_instantiation" name="test_instantiate_service_class[llm_adapters-HuggingFaceAdapter-HuggingFaceAdapter]" time="0.001" /><testcase classname="tests.test_service_instantiation" name="test_instantiate_service_class[llm_adapters-OpenAIAdapter-OpenAIAdapter]" time="0.001" /><testcase classname="tests.test_service_instantiation" name="test_instantiate_service_class[llm_adapters-correlation_context-correlation_context]" time="0.001" /><testcase classname="tests.test_service_instantiation" name="test_instantiate_service_class[llm_config_service-LLMConfigService-LLMConfigService]" time="0.001" /><testcase classname="tests.test_service_instantiation" name="test_instantiate_service_class[manage_parameters-Colors-Colors]" time="0.002" /><testcase classname="tests.test_service_instantiation" name="test_instantiate_service_class[model_availability-AnthropicAdapter-AnthropicAdapter]" time="0.001" /><testcase classname="tests.test_service_instantiation" name="test_instantiate_service_class[model_availability-AvailabilityStatus-AvailabilityStatus]" time="0.001"><skipped type="pytest.skip" message="Could not instantiate model_availability.AvailabilityStatus">/Users/joshuafield/Documents/Ultra/tests/test_service_instantiation.py:45: Could not instantiate model_availability.AvailabilityStatus</skipped></testcase><testcase classname="tests.test_service_instantiation" name="test_instantiate_service_class[model_availability-GeminiAdapter-GeminiAdapter]" time="0.001" /><testcase classname="tests.test_service_instantiation" name="test_instantiate_service_class[model_availability-HuggingFaceAdapter-HuggingFaceAdapter]" time="0.001" /><testcase classname="tests.test_service_instantiation" name="test_instantiate_service_class[model_availability-ModelAvailability-ModelAvailability]" time="0.001" /><testcase classname="tests.test_service_instantiation" name="test_instantiate_service_class[model_availability-ModelAvailabilityChecker-ModelAvailabilityChecker]" time="0.001" /><testcase classname="tests.test_service_instantiation" name="test_instantiate_service_class[model_availability-OpenAIAdapter-OpenAIAdapter]" time="0.002" /><testcase classname="tests.test_service_instantiation" name="test_instantiate_service_class[model_health_cache-ModelHealthCache-ModelHealthCache]" time="0.001" /><testcase classname="tests.test_service_instantiation" name="test_instantiate_service_class[model_registry-ModelConfig-ModelConfig]" time="0.001" /><testcase classname="tests.test_service_instantiation" name="test_instantiate_service_class[model_registry-ModelInstance-ModelInstance]" time="0.001" /><testcase classname="tests.test_service_instantiation" name="test_instantiate_service_class[model_registry-ModelRegistry-ModelRegistry]" time="0.001" /><testcase classname="tests.test_service_instantiation" name="test_instantiate_service_class[model_selection-ModelPerformanceMetrics-ModelPerformanceMetrics]" time="0.001" /><testcase classname="tests.test_service_instantiation" name="test_instantiate_service_class[model_selection-SmartModelSelector-SmartModelSelector]" time="0.001" /><testcase classname="tests.test_service_instantiation" name="test_instantiate_service_class[model_selection_service-AvailabilityStatus-AvailabilityStatus]" time="0.001"><skipped type="pytest.skip" message="Could not instantiate model_selection_service.AvailabilityStatus">/Users/joshuafield/Documents/Ultra/tests/test_service_instantiation.py:45: Could not instantiate model_selection_service.AvailabilityStatus</skipped></testcase><testcase classname="tests.test_service_instantiation" name="test_instantiate_service_class[model_selection_service-ModelAvailabilityChecker-ModelAvailabilityChecker]" time="0.001" /><testcase classname="tests.test_service_instantiation" name="test_instantiate_service_class[model_selection_service-PricingCalculator-PricingCalculator]" time="0.002" /><testcase classname="tests.test_service_instantiation" name="test_instantiate_service_class[model_selection_service-SmartModelSelectionService-SmartModelSelectionService]" time="0.001" /><testcase classname="tests.test_service_instantiation" name="test_instantiate_service_class[model_selection_service-SmartModelSelector-SmartModelSelector]" time="0.001" /><testcase classname="tests.test_service_instantiation" name="test_instantiate_service_class[oauth_service-OAuthService-OAuthService]" time="0.001" /><testcase classname="tests.test_service_instantiation" name="test_instantiate_service_class[orchestration_retry_handler-OrchestrationRetryHandler-OrchestrationRetryHandler]" time="0.001" /><testcase classname="tests.test_service_instantiation" name="test_instantiate_service_class[orchestration_service-AnthropicAdapter-AnthropicAdapter]" time="0.001" /><testcase classname="tests.test_service_instantiation" name="test_instantiate_service_class[orchestration_service-GeminiAdapter-GeminiAdapter]" time="0.001" /><testcase classname="tests.test_service_instantiation" name="test_instantiate_service_class[orchestration_service-HuggingFaceAdapter-HuggingFaceAdapter]" time="0.002" /><testcase classname="tests.test_service_instantiation" name="test_instantiate_service_class[orchestration_service-OpenAIAdapter-OpenAIAdapter]" time="0.001" /><testcase classname="tests.test_service_instantiation" name="test_instantiate_service_class[orchestration_service-OrchestrationRetryHandler-OrchestrationRetryHandler]" time="0.001" /><testcase classname="tests.test_service_instantiation" name="test_instantiate_service_class[orchestration_service-OrchestrationService-OrchestrationService]" time="0.002" /><testcase classname="tests.test_service_instantiation" name="test_instantiate_service_class[orchestration_service-PipelineResult-PipelineResult]" time="0.001" /><testcase classname="tests.test_service_instantiation" name="test_instantiate_service_class[orchestration_service-PipelineStage-PipelineStage]" time="0.001" /><testcase classname="tests.test_service_instantiation" name="test_instantiate_service_class[orchestration_service-QualityEvaluationService-QualityEvaluationService]" time="0.001" /><testcase classname="tests.test_service_instantiation" name="test_instantiate_service_class[orchestration_service-QueryType-QueryType]" time="0.002"><skipped type="pytest.skip" message="Could not instantiate orchestration_service.QueryType">/Users/joshuafield/Documents/Ultra/tests/test_service_instantiation.py:45: Could not instantiate orchestration_service.QueryType</skipped></testcase><testcase classname="tests.test_service_instantiation" name="test_instantiate_service_class[orchestration_service-RateLimiter-RateLimiter]" time="0.001" /><testcase classname="tests.test_service_instantiation" name="test_instantiate_service_class[orchestration_service-ResponseQuality-ResponseQuality]" time="0.001" /><testcase classname="tests.test_service_instantiation" name="test_instantiate_service_class[orchestration_service-SmartModelSelector-SmartModelSelector]" time="0.001" /><testcase classname="tests.test_service_instantiation" name="test_instantiate_service_class[orchestration_service-StructuredSynthesisOutput-StructuredSynthesisOutput]" time="0.001" /><testcase classname="tests.test_service_instantiation" name="test_instantiate_service_class[orchestration_service-SynthesisPromptManager-SynthesisPromptManager]" time="0.001" /><testcase classname="tests.test_service_instantiation" name="test_instantiate_service_class[orchestration_service-TokenManagementService-TokenManagementService]" time="0.001" /><testcase classname="tests.test_service_instantiation" name="test_instantiate_service_class[orchestration_service-TransactionService-TransactionService]" time="0.001" /><testcase classname="tests.test_service_instantiation" name="test_instantiate_service_class[output_formatter-OutputFormatter-OutputFormatter]" time="0.002" /><testcase classname="tests.test_service_instantiation" name="test_instantiate_service_class[parameter_editor-Colors-Colors]" time="0.001" /><testcase classname="tests.test_service_instantiation" name="test_instantiate_service_class[parameter_glossary_generator-ParameterExtractor-ParameterExtractor]" time="0.001" /><testcase classname="tests.test_service_instantiation" name="test_instantiate_service_class[parameter_glossary_generator-ParameterInfo-ParameterInfo]" time="0.001" /><testcase classname="tests.test_service_instantiation" name="test_instantiate_service_class[pricing_service-PricingCalculator-PricingCalculator]" time="0.001" /><testcase classname="tests.test_service_instantiation" name="test_instantiate_service_class[pricing_simulator-PricingSimulator-PricingSimulator]" time="0.001" /><testcase classname="tests.test_service_instantiation" name="test_instantiate_service_class[prompt_service-ModelRegistry-ModelRegistry]" time="0.001" /><testcase classname="tests.test_service_instantiation" name="test_instantiate_service_class[prompt_service-OrchestrationService-OrchestrationService]" time="0.002" /><testcase classname="tests.test_service_instantiation" name="test_instantiate_service_class[prompt_service-PromptRequest-PromptRequest]" time="0.002" /><testcase classname="tests.test_service_instantiation" name="test_instantiate_service_class[prompt_service-PromptService-PromptService]" time="0.001" /><testcase classname="tests.test_service_instantiation" name="test_instantiate_service_class[prompt_service-Template-Template]" time="0.001" /><testcase classname="tests.test_service_instantiation" name="test_instantiate_service_class[prompt_templates-PromptTemplate-PromptTemplate]" time="0.001" /><testcase classname="tests.test_service_instantiation" name="test_instantiate_service_class[prompt_templates-PromptTemplateManager-PromptTemplateManager]" time="0.001" /><testcase classname="tests.test_service_instantiation" name="test_instantiate_service_class[provider_health_manager-ProviderHealth-ProviderHealth]" time="0.002" /><testcase classname="tests.test_service_instantiation" name="test_instantiate_service_class[provider_health_manager-ProviderHealthManager-ProviderHealthManager]" time="0.001" /><testcase classname="tests.test_service_instantiation" name="test_instantiate_service_class[quality_evaluation-QualityDimension-QualityDimension]" time="0.001"><skipped type="pytest.skip" message="Could not instantiate quality_evaluation.QualityDimension">/Users/joshuafield/Documents/Ultra/tests/test_service_instantiation.py:45: Could not instantiate quality_evaluation.QualityDimension</skipped></testcase><testcase classname="tests.test_service_instantiation" name="test_instantiate_service_class[quality_evaluation-QualityEvaluationService-QualityEvaluationService]" time="0.001" /><testcase classname="tests.test_service_instantiation" name="test_instantiate_service_class[quality_evaluation-QualityScore-QualityScore]" time="0.006" /><testcase classname="tests.test_service_instantiation" name="test_instantiate_service_class[quality_evaluation-ResponseQuality-ResponseQuality]" time="0.009" /><testcase classname="tests.test_service_instantiation" name="test_instantiate_service_class[rate_limit_service-RateLimitCategory-RateLimitCategory]" time="0.010"><skipped type="pytest.skip" message="Could not instantiate rate_limit_service.RateLimitCategory">/Users/joshuafield/Documents/Ultra/tests/test_service_instantiation.py:45: Could not instantiate rate_limit_service.RateLimitCategory</skipped></testcase><testcase classname="tests.test_service_instantiation" name="test_instantiate_service_class[rate_limit_service-RateLimitInterval-RateLimitInterval]" time="0.013"><skipped type="pytest.skip" message="Could not instantiate rate_limit_service.RateLimitInterval">/Users/joshuafield/Documents/Ultra/tests/test_service_instantiation.py:45: Could not instantiate rate_limit_service.RateLimitInterval</skipped></testcase><testcase classname="tests.test_service_instantiation" name="test_instantiate_service_class[rate_limit_service-RateLimitResult-RateLimitResult]" time="0.003" /><testcase classname="tests.test_service_instantiation" name="test_instantiate_service_class[rate_limit_service-RateLimitService-RateLimitService]" time="0.003" /><testcase classname="tests.test_service_instantiation" name="test_instantiate_service_class[rate_limit_service-RateLimitTier-RateLimitTier]" time="0.002" /><testcase classname="tests.test_service_instantiation" name="test_instantiate_service_class[rate_limiter-RateLimit-RateLimit]" time="0.001" /><testcase classname="tests.test_service_instantiation" name="test_instantiate_service_class[rate_limiter-RateLimiter-RateLimiter]" time="0.002" /><testcase classname="tests.test_service_instantiation" name="test_instantiate_service_class[resilient_llm_adapter-BaseAdapter-BaseAdapter]" time="0.002" /><testcase classname="tests.test_service_instantiation" name="test_instantiate_service_class[resilient_llm_adapter-CircuitBreaker-CircuitBreaker]" time="0.002" /><testcase classname="tests.test_service_instantiation" name="test_instantiate_service_class[resilient_llm_adapter-CircuitBreakerConfig-CircuitBreakerConfig]" time="0.002" /><testcase classname="tests.test_service_instantiation" name="test_instantiate_service_class[resilient_llm_adapter-CircuitState-CircuitState]" time="0.003"><skipped type="pytest.skip" message="Could not instantiate resilient_llm_adapter.CircuitState">/Users/joshuafield/Documents/Ultra/tests/test_service_instantiation.py:45: Could not instantiate resilient_llm_adapter.CircuitState</skipped></testcase><testcase classname="tests.test_service_instantiation" name="test_instantiate_service_class[resilient_llm_adapter-ProviderConfig-ProviderConfig]" time="0.001" /><testcase classname="tests.test_service_instantiation" name="test_instantiate_service_class[resilient_llm_adapter-ResilientLLMAdapter-ResilientLLMAdapter]" time="0.007" /><testcase classname="tests.test_service_instantiation" name="test_instantiate_service_class[resilient_llm_adapter-RetryConfig-RetryConfig]" time="0.001" /><testcase classname="tests.test_service_instantiation" name="test_instantiate_service_class[streaming_orchestration_service-OrchestrationService-OrchestrationService]" time="0.002" /><testcase classname="tests.test_service_instantiation" name="test_instantiate_service_class[streaming_orchestration_service-StreamingOrchestrationService-StreamingOrchestrationService]" time="0.001"><skipped type="pytest.skip" message="Could not instantiate streaming_orchestration_service.StreamingOrchestrationService">/Users/joshuafield/Documents/Ultra/tests/test_service_instantiation.py:45: Could not instantiate streaming_orchestration_service.StreamingOrchestrationService</skipped></testcase><testcase classname="tests.test_service_instantiation" name="test_instantiate_service_class[synthesis_output-ConfidenceLevel-ConfidenceLevel]" time="0.010"><skipped type="pytest.skip" message="Could not instantiate synthesis_output.ConfidenceLevel">/Users/joshuafield/Documents/Ultra/tests/test_service_instantiation.py:45: Could not instantiate synthesis_output.ConfidenceLevel</skipped></testcase><testcase classname="tests.test_service_instantiation" name="test_instantiate_service_class[synthesis_output-StructuredSynthesisOutput-StructuredSynthesisOutput]" time="0.005" /><testcase classname="tests.test_service_instantiation" name="test_instantiate_service_class[synthesis_output-SynthesisMetadata-SynthesisMetadata]" time="0.002" /><testcase classname="tests.test_service_instantiation" name="test_instantiate_service_class[synthesis_prompts-QueryType-QueryType]" time="0.002"><skipped type="pytest.skip" message="Could not instantiate synthesis_prompts.QueryType">/Users/joshuafield/Documents/Ultra/tests/test_service_instantiation.py:45: Could not instantiate synthesis_prompts.QueryType</skipped></testcase><testcase classname="tests.test_service_instantiation" name="test_instantiate_service_class[synthesis_prompts-SynthesisPromptManager-SynthesisPromptManager]" time="0.001" /><testcase classname="tests.test_service_instantiation" name="test_instantiate_service_class[telemetry_llm_wrapper-TelemetryLLMWrapper-TelemetryLLMWrapper]" time="0.002" /><testcase classname="tests.test_service_instantiation" name="test_instantiate_service_class[telemetry_service-TelemetryService-TelemetryService]" time="0.001" /><testcase classname="tests.test_service_instantiation" name="test_instantiate_service_class[token_management_service-TokenCost-TokenCost]" time="0.002" /><testcase classname="tests.test_service_instantiation" name="test_instantiate_service_class[token_management_service-TokenManagementService-TokenManagementService]" time="0.001" /><testcase classname="tests.test_service_instantiation" name="test_instantiate_service_class[tracked_llm_adapters-AnthropicAdapter-AnthropicAdapter]" time="0.001" /><testcase classname="tests.test_service_instantiation" name="test_instantiate_service_class[tracked_llm_adapters-GeminiAdapter-GeminiAdapter]" time="0.008" /><testcase classname="tests.test_service_instantiation" name="test_instantiate_service_class[tracked_llm_adapters-HuggingFaceAdapter-HuggingFaceAdapter]" time="0.001" /><testcase classname="tests.test_service_instantiation" name="test_instantiate_service_class[tracked_llm_adapters-OpenAIAdapter-OpenAIAdapter]" time="0.001" /><testcase classname="tests.test_service_instantiation" name="test_instantiate_service_class[tracked_llm_adapters-TrackedAnthropicAdapter-TrackedAnthropicAdapter]" time="0.001" /><testcase classname="tests.test_service_instantiation" name="test_instantiate_service_class[tracked_llm_adapters-TrackedGeminiAdapter-TrackedGeminiAdapter]" time="0.001" /><testcase classname="tests.test_service_instantiation" name="test_instantiate_service_class[tracked_llm_adapters-TrackedHTTPClient-TrackedHTTPClient]" time="0.001"><skipped type="pytest.skip" message="Could not instantiate tracked_llm_adapters.TrackedHTTPClient">/Users/joshuafield/Documents/Ultra/tests/test_service_instantiation.py:45: Could not instantiate tracked_llm_adapters.TrackedHTTPClient</skipped></testcase><testcase classname="tests.test_service_instantiation" name="test_instantiate_service_class[tracked_llm_adapters-TrackedHuggingFaceAdapter-TrackedHuggingFaceAdapter]" time="0.001" /><testcase classname="tests.test_service_instantiation" name="test_instantiate_service_class[tracked_llm_adapters-TrackedLLMAdapter-TrackedLLMAdapter]" time="0.001" /><testcase classname="tests.test_service_instantiation" name="test_instantiate_service_class[tracked_llm_adapters-TrackedOpenAIAdapter-TrackedOpenAIAdapter]" time="0.001" /><testcase classname="tests.test_service_instantiation" name="test_instantiate_service_class[tracked_orchestration_service-OrchestrationService-OrchestrationService]" time="0.002" /><testcase classname="tests.test_service_instantiation" name="test_instantiate_service_class[tracked_orchestration_service-TrackedAnthropicAdapter-TrackedAnthropicAdapter]" time="0.002" /><testcase classname="tests.test_service_instantiation" name="test_instantiate_service_class[tracked_orchestration_service-TrackedGeminiAdapter-TrackedGeminiAdapter]" time="0.002" /><testcase classname="tests.test_service_instantiation" name="test_instantiate_service_class[tracked_orchestration_service-TrackedHuggingFaceAdapter-TrackedHuggingFaceAdapter]" time="0.002" /><testcase classname="tests.test_service_instantiation" name="test_instantiate_service_class[tracked_orchestration_service-TrackedOpenAIAdapter-TrackedOpenAIAdapter]" time="0.002" /><testcase classname="tests.test_service_instantiation" name="test_instantiate_service_class[tracked_orchestration_service-TrackedOrchestrationService-TrackedOrchestrationService]" time="0.001"><skipped type="pytest.skip" message="Could not instantiate tracked_orchestration_service.TrackedOrchestrationService">/Users/joshuafield/Documents/Ultra/tests/test_service_instantiation.py:45: Could not instantiate tracked_orchestration_service.TrackedOrchestrationService</skipped></testcase><testcase classname="tests.test_service_instantiation" name="test_instantiate_service_class[transaction_service-Transaction-Transaction]" time="0.002" /><testcase classname="tests.test_service_instantiation" name="test_instantiate_service_class[transaction_service-TransactionService-TransactionService]" time="0.002" /><testcase classname="tests.test_token_management_service" name="test_track_usage_unknown_model_raises" time="0.001" /><testcase classname="tests.test_token_management_service" name="test_track_usage_and_get_user_usage_and_total_cost" time="0.001" /><testcase classname="tests.test_token_management_service" name="test_update_cost_rates_affects_future_costs" time="0.002" /><testcase classname="tests.test_transaction_service" name="test_get_balance_default_zero" time="0.003" /><testcase classname="tests.test_transaction_service" name="test_add_funds_positive_amount" time="0.003" /><testcase classname="tests.test_transaction_service" name="test_add_funds_negative_amount_raises" time="0.003" /><testcase classname="tests.test_transaction_service" name="test_deduct_cost_insufficient_returns_none" time="0.002" /><testcase classname="tests.test_transaction_service" name="test_deduct_cost_negative_amount_raises" time="0.003" /><testcase classname="tests.test_transaction_service" name="test_deduct_cost_successful_after_credit" time="0.003" /><testcase classname="tests.unit.orchestrator.test_orchestrator_features" name="test_cost_estimate_present" time="0.003" /><testcase classname="tests.unit.orchestrator.test_orchestrator_features" name="test_plain_text_format" time="0.003" /><testcase classname="tests.unit.orchestrator.test_orchestrator_features" name="test_encryption_support" time="0.003" /><testcase classname="tests.unit.orchestrator.test_orchestrator_features" name="test_options_passed_to_stages" time="0.003" /><testcase classname="tests.unit.test_auth_orchestrator_protection" name="test_orchestrator_requires_auth" time="0.018" /><testcase classname="tests.unit.test_auth_service" name="test_create_and_verify_access_token" time="0.001" /><testcase classname="tests.unit.test_auth_service" name="test_create_and_verify_refresh_token" time="0.001" /><testcase classname="tests.unit.test_auth_service" name="test_verify_invalid_tokens" time="0.001" /><testcase classname="tests.unit.test_billing_service.TestBillingService" name="test_create_invoice" time="0.000"><skipped type="pytest.skip" message="Billing service pending specialist implementation">/Users/joshuafield/Documents/Ultra/tests/unit/test_billing_service.py:26: Billing service pending specialist implementation</skipped></testcase><testcase classname="tests.unit.test_billing_service.TestBillingService" name="test_send_invoice_email" time="0.000"><skipped type="pytest.skip" message="Billing service pending specialist implementation">/Users/joshuafield/Documents/Ultra/tests/unit/test_billing_service.py:31: Billing service pending specialist implementation</skipped></testcase><testcase classname="tests.unit.test_billing_service.TestBillingService" name="test_process_payment_success" time="0.000"><skipped type="pytest.skip" message="Billing service pending specialist implementation">/Users/joshuafield/Documents/Ultra/tests/unit/test_billing_service.py:36: Billing service pending specialist implementation</skipped></testcase><testcase classname="tests.unit.test_billing_service.TestBillingService" name="test_process_payment_failure" time="0.000"><skipped type="pytest.skip" message="Billing service pending specialist implementation">/Users/joshuafield/Documents/Ultra/tests/unit/test_billing_service.py:41: Billing service pending specialist implementation</skipped></testcase><testcase classname="tests.unit.test_billing_service.TestBillingService" name="test_add_payment_method" time="0.000"><skipped type="pytest.skip" message="Billing service pending specialist implementation">/Users/joshuafield/Documents/Ultra/tests/unit/test_billing_service.py:46: Billing service pending specialist implementation</skipped></testcase><testcase classname="tests.unit.test_billing_service.TestBillingService" name="test_remove_payment_method" time="0.000"><skipped type="pytest.skip" message="Billing service pending specialist implementation">/Users/joshuafield/Documents/Ultra/tests/unit/test_billing_service.py:51: Billing service pending specialist implementation</skipped></testcase><testcase classname="tests.unit.test_billing_service.TestBillingService" name="test_list_payment_methods" time="0.000"><skipped type="pytest.skip" message="Billing service pending specialist implementation">/Users/joshuafield/Documents/Ultra/tests/unit/test_billing_service.py:56: Billing service pending specialist implementation</skipped></testcase><testcase classname="tests.unit.test_billing_service.TestBillingService" name="test_billing_history" time="0.000"><skipped type="pytest.skip" message="Billing service pending specialist implementation">/Users/joshuafield/Documents/Ultra/tests/unit/test_billing_service.py:61: Billing service pending specialist implementation</skipped></testcase><testcase classname="tests.unit.test_billing_service.TestBillingService" name="test_create_subscription" time="0.000"><skipped type="pytest.skip" message="Billing service pending specialist implementation">/Users/joshuafield/Documents/Ultra/tests/unit/test_billing_service.py:66: Billing service pending specialist implementation</skipped></testcase><testcase classname="tests.unit.test_billing_service.TestBillingService" name="test_cancel_subscription" time="0.000"><skipped type="pytest.skip" message="Billing service pending specialist implementation">/Users/joshuafield/Documents/Ultra/tests/unit/test_billing_service.py:71: Billing service pending specialist implementation</skipped></testcase><testcase classname="tests.unit.test_billing_service.TestBillingService" name="test_update_subscription" time="0.000"><skipped type="pytest.skip" message="Billing service pending specialist implementation">/Users/joshuafield/Documents/Ultra/tests/unit/test_billing_service.py:76: Billing service pending specialist implementation</skipped></testcase><testcase classname="tests.unit.test_billing_service.TestBillingService" name="test_process_refund" time="0.000"><skipped type="pytest.skip" message="Billing service pending specialist implementation">/Users/joshuafield/Documents/Ultra/tests/unit/test_billing_service.py:81: Billing service pending specialist implementation</skipped></testcase><testcase classname="tests.unit.test_billing_service.TestBillingService" name="test_webhook_handling" time="0.000"><skipped type="pytest.skip" message="Billing service pending specialist implementation">/Users/joshuafield/Documents/Ultra/tests/unit/test_billing_service.py:86: Billing service pending specialist implementation</skipped></testcase><testcase classname="tests.unit.test_billing_service.TestBillingService" name="test_payment_retry_logic" time="0.000"><skipped type="pytest.skip" message="Billing service pending specialist implementation">/Users/joshuafield/Documents/Ultra/tests/unit/test_billing_service.py:91: Billing service pending specialist implementation</skipped></testcase><testcase classname="tests.unit.test_billing_service.TestBillingService" name="test_invoice_overdue_handling" time="0.000"><skipped type="pytest.skip" message="Billing service pending specialist implementation">/Users/joshuafield/Documents/Ultra/tests/unit/test_billing_service.py:96: Billing service pending specialist implementation</skipped></testcase><testcase classname="tests.unit.test_billing_service.TestBillingService" name="test_payment_method_validation" time="0.000"><skipped type="pytest.skip" message="Billing service pending specialist implementation">/Users/joshuafield/Documents/Ultra/tests/unit/test_billing_service.py:101: Billing service pending specialist implementation</skipped></testcase><testcase classname="tests.unit.test_billing_service.TestBillingService" name="test_pci_compliance" time="0.000"><skipped type="pytest.skip" message="Billing service pending specialist implementation">/Users/joshuafield/Documents/Ultra/tests/unit/test_billing_service.py:106: Billing service pending specialist implementation</skipped></testcase><testcase classname="tests.unit.test_billing_service.TestBillingService" name="test_subscription_trial_period" time="0.000"><skipped type="pytest.skip" message="Billing service pending specialist implementation">/Users/joshuafield/Documents/Ultra/tests/unit/test_billing_service.py:111: Billing service pending specialist implementation</skipped></testcase><testcase classname="tests.unit.test_budget_service.TestBudgetService" name="test_check_budget_sufficient" time="0.000"><skipped type="pytest.skip" message="Budget service pending specialist implementation">/Users/joshuafield/Documents/Ultra/tests/unit/test_budget_service.py:23: Budget service pending specialist implementation</skipped></testcase><testcase classname="tests.unit.test_budget_service.TestBudgetService" name="test_check_budget_insufficient" time="0.000"><skipped type="pytest.skip" message="Budget service pending specialist implementation">/Users/joshuafield/Documents/Ultra/tests/unit/test_budget_service.py:28: Budget service pending specialist implementation</skipped></testcase><testcase classname="tests.unit.test_budget_service.TestBudgetService" name="test_deduct_from_budget_success" time="0.000"><skipped type="pytest.skip" message="Budget service pending specialist implementation">/Users/joshuafield/Documents/Ultra/tests/unit/test_budget_service.py:33: Budget service pending specialist implementation</skipped></testcase><testcase classname="tests.unit.test_budget_service.TestBudgetService" name="test_deduct_from_budget_insufficient_funds" time="0.000"><skipped type="pytest.skip" message="Budget service pending specialist implementation">/Users/joshuafield/Documents/Ultra/tests/unit/test_budget_service.py:38: Budget service pending specialist implementation</skipped></testcase><testcase classname="tests.unit.test_budget_service.TestBudgetService" name="test_refund_to_budget" time="0.000"><skipped type="pytest.skip" message="Budget service pending specialist implementation">/Users/joshuafield/Documents/Ultra/tests/unit/test_budget_service.py:43: Budget service pending specialist implementation</skipped></testcase><testcase classname="tests.unit.test_budget_service.TestBudgetService" name="test_get_budget_status" time="0.000"><skipped type="pytest.skip" message="Budget service pending specialist implementation">/Users/joshuafield/Documents/Ultra/tests/unit/test_budget_service.py:48: Budget service pending specialist implementation</skipped></testcase><testcase classname="tests.unit.test_budget_service.TestBudgetService" name="test_set_budget_limit" time="0.000"><skipped type="pytest.skip" message="Budget service pending specialist implementation">/Users/joshuafield/Documents/Ultra/tests/unit/test_budget_service.py:53: Budget service pending specialist implementation</skipped></testcase><testcase classname="tests.unit.test_budget_service.TestBudgetService" name="test_budget_period_reset" time="0.000"><skipped type="pytest.skip" message="Budget service pending specialist implementation">/Users/joshuafield/Documents/Ultra/tests/unit/test_budget_service.py:58: Budget service pending specialist implementation</skipped></testcase><testcase classname="tests.unit.test_budget_service.TestBudgetService" name="test_budget_history" time="0.000"><skipped type="pytest.skip" message="Budget service pending specialist implementation">/Users/joshuafield/Documents/Ultra/tests/unit/test_budget_service.py:63: Budget service pending specialist implementation</skipped></testcase><testcase classname="tests.unit.test_budget_service.TestBudgetService" name="test_configure_budget_alerts" time="0.000"><skipped type="pytest.skip" message="Budget service pending specialist implementation">/Users/joshuafield/Documents/Ultra/tests/unit/test_budget_service.py:68: Budget service pending specialist implementation</skipped></testcase><testcase classname="tests.unit.test_budget_service.TestBudgetService" name="test_trigger_budget_alerts" time="0.000"><skipped type="pytest.skip" message="Budget service pending specialist implementation">/Users/joshuafield/Documents/Ultra/tests/unit/test_budget_service.py:73: Budget service pending specialist implementation</skipped></testcase><testcase classname="tests.unit.test_budget_service.TestBudgetService" name="test_usage_forecast" time="0.000"><skipped type="pytest.skip" message="Budget service pending specialist implementation">/Users/joshuafield/Documents/Ultra/tests/unit/test_budget_service.py:78: Budget service pending specialist implementation</skipped></testcase><testcase classname="tests.unit.test_budget_service.TestBudgetService" name="test_concurrent_budget_operations" time="0.000"><skipped type="pytest.skip" message="Budget service pending specialist implementation">/Users/joshuafield/Documents/Ultra/tests/unit/test_budget_service.py:83: Budget service pending specialist implementation</skipped></testcase><testcase classname="tests.unit.test_budget_service.TestBudgetService" name="test_budget_rollover" time="0.000"><skipped type="pytest.skip" message="Budget service pending specialist implementation">/Users/joshuafield/Documents/Ultra/tests/unit/test_budget_service.py:88: Budget service pending specialist implementation</skipped></testcase><testcase classname="tests.unit.test_budget_service.TestBudgetService" name="test_admin_budget_reset" time="0.000"><skipped type="pytest.skip" message="Budget service pending specialist implementation">/Users/joshuafield/Documents/Ultra/tests/unit/test_budget_service.py:93: Budget service pending specialist implementation</skipped></testcase><testcase classname="tests.unit.test_cache_service" name="test_sync_cache_operations" time="0.001" /><testcase classname="tests.unit.test_cache_service" name="test_delete_and_flush" time="0.003" /><testcase classname="tests.unit.test_cache_service" name="test_async_json_operations" time="0.024" /><testcase classname="tests.unit.test_cache_service_comprehensive.TestCacheKeyGeneration" name="test_cache_key_simple_types" time="0.001" /><testcase classname="tests.unit.test_cache_service_comprehensive.TestCacheKeyGeneration" name="test_cache_key_complex_types" time="0.002" /><testcase classname="tests.unit.test_cache_service_comprehensive.TestCacheKeyGeneration" name="test_cache_key_none_handling" time="0.001" /><testcase classname="tests.unit.test_cache_service_comprehensive.TestCacheService" name="test_initialization_without_redis" time="0.001" /><testcase classname="tests.unit.test_cache_service_comprehensive.TestCacheService" name="test_initialization_with_redis" time="0.104" /><testcase classname="tests.unit.test_cache_service_comprehensive.TestCacheService" name="test_memory_cache_operations" time="0.001" /><testcase classname="tests.unit.test_cache_service_comprehensive.TestCacheService" name="test_memory_cache_ttl" time="2.215" /><testcase classname="tests.unit.test_cache_service_comprehensive.TestCacheService" name="test_redis_operations" time="0.009" /><testcase classname="tests.unit.test_cache_service_comprehensive.TestCacheService" name="test_redis_fallback_to_memory" time="0.005" /><testcase classname="tests.unit.test_cache_service_comprehensive.TestCacheService" name="test_json_operations" time="0.003" /><testcase classname="tests.unit.test_cache_service_comprehensive.TestCacheService" name="test_clear_pattern" time="0.002" /><testcase classname="tests.unit.test_cache_service_comprehensive.TestCacheService" name="test_get_stats" time="0.001" /><testcase classname="tests.unit.test_cache_service_comprehensive.TestCacheService" name="test_cleanup_memory_cache" time="0.209" /><testcase classname="tests.unit.test_cache_service_comprehensive.TestCacheService" name="test_close" time="0.007" /><testcase classname="tests.unit.test_cache_service_comprehensive.TestCacheDecorator" name="test_cached_sync_function" time="0.002" /><testcase classname="tests.unit.test_cache_service_comprehensive.TestCacheDecorator" name="test_cached_async_function" time="0.014" /><testcase classname="tests.unit.test_cache_service_comprehensive.TestCacheDecorator" name="test_cached_with_ttl" time="1.106" /><testcase classname="tests.unit.test_cache_service_comprehensive.TestCacheSingleton" name="test_get_cache_service_singleton" time="0.002" /><testcase classname="tests.unit.test_cache_service_comprehensive.TestCacheSingleton" name="test_close_cache_service" time="0.004" /><testcase classname="tests.unit.test_cache_service_comprehensive.TestCacheIntegrationScenarios" name="test_orchestration_response_caching" time="0.002" /><testcase classname="tests.unit.test_cache_service_comprehensive.TestCacheIntegrationScenarios" name="test_concurrent_cache_access" time="0.004" /><testcase classname="tests.unit.test_cache_service_comprehensive.TestCacheIntegrationScenarios" name="test_cache_size_limits" time="0.004" /><testcase classname="tests.unit.test_document_processor" name="test_process_text_file" time="0.003" /><testcase classname="tests.unit.test_document_processor" name="test_process_unknown_file_type" time="0.001" /><testcase classname="tests.unit.test_document_service" name="test_get_user_documents" time="0.002" /><testcase classname="tests.unit.test_document_service" name="test_get_document_by_id" time="0.001" /><testcase classname="tests.unit.test_document_service" name="test_delete_document" time="0.002" /><testcase classname="tests.unit.test_health_service" name="test_get_health_simple" time="0.002" /><testcase classname="tests.unit.test_health_service" name="test_get_health_detailed" time="0.068" /><testcase classname="tests.unit.test_jwt_secret_alias" name="test_jwt_secret_key_precedence" time="0.001" /><testcase classname="tests.unit.test_jwt_secret_alias" name="test_jwt_refresh_secret_fallback" time="0.001" /><testcase classname="tests.unit.test_jwt_secret_alias" name="test_jwt_missing_secret_raises_error" time="0.001" /><testcase classname="tests.unit.test_llm_adapters" name="test_base_adapter_missing_api_key" time="0.001" /><testcase classname="tests.unit.test_llm_adapters" name="test_openai_adapter_error" time="0.215" /><testcase classname="tests.unit.test_llm_adapters" name="test_anthropic_adapter_error" time="0.002" /><testcase classname="tests.unit.test_llm_adapters" name="test_gemini_adapter_error" time="0.003" /><testcase classname="tests.unit.test_llm_adapters_comprehensive.TestBaseAdapter" name="test_mask_api_key" time="0.001" /><testcase classname="tests.unit.test_llm_adapters_comprehensive.TestBaseAdapter" name="test_base_adapter_not_implemented" time="0.002" /><testcase classname="tests.unit.test_llm_adapters_comprehensive.TestBaseAdapter" name="test_base_adapter_properties" time="0.001" /><testcase classname="tests.unit.test_llm_adapters_comprehensive.TestSharedHttpClient" name="test_shared_client_timeout" time="0.001" /><testcase classname="tests.unit.test_llm_adapters_comprehensive.TestSharedHttpClient" name="test_all_adapters_use_shared_client" time="0.003"><failure message="assert (is failed. [pytest-clarity diff shown]&#10;  #x1B[0m&#10;  #x1B[0m#x1B[32mLHS#x1B[0m vs #x1B[31mRHS#x1B[0m shown below&#10;  #x1B[0m&#10;  #x1B[0m#x1B[32m&lt;httpx.AsyncClient object at 0x126#x1B[0m#x1B[37;42mc726c#x1B[0m#x1B[32m0&gt;#x1B[0m&#10;  #x1B[0m#x1B[31m&lt;httpx.AsyncClient object at 0x12#x1B[0m#x1B[37;41m0ac#x1B[0m#x1B[31m6#x1B[0m#x1B[37;41m90#x1B[0m#x1B[31m0&gt;#x1B[0m&#10;  #x1B[0m or is failed. [pytest-clarity diff shown]&#10;  #x1B[0m&#10;  #x1B[0m#x1B[32mLHS#x1B[0m vs #x1B[31mRHS#x1B[0m shown below&#10;  #x1B[0m&#10;  #x1B[0m#x1B[32m&lt;httpx.AsyncClient object at 0x126#x1B[0m#x1B[37;42mc726c#x1B[0m#x1B[32m0&gt;#x1B[0m&#10;  #x1B[0m#x1B[31m&lt;httpx.AsyncClient object at 0x12#x1B[0m#x1B[37;41m0ac#x1B[0m#x1B[31m6#x1B[0m#x1B[37;41m90#x1B[0m#x1B[31m0&gt;#x1B[0m&#10;  #x1B[0m)">tests/unit/test_llm_adapters_comprehensive.py:75: in test_all_adapters_use_shared_client
    assert adapter.client is CLIENT or adapter.__class__.CLIENT is CLIENT
E   assert (is failed. [pytest-clarity diff shown]
E     #x1B[0m
E     #x1B[0m#x1B[32mLHS#x1B[0m vs #x1B[31mRHS#x1B[0m shown below
E     #x1B[0m
E     #x1B[0m#x1B[32m&lt;httpx.AsyncClient object at 0x126#x1B[0m#x1B[37;42mc726c#x1B[0m#x1B[32m0&gt;#x1B[0m
E     #x1B[0m#x1B[31m&lt;httpx.AsyncClient object at 0x12#x1B[0m#x1B[37;41m0ac#x1B[0m#x1B[31m6#x1B[0m#x1B[37;41m90#x1B[0m#x1B[31m0&gt;#x1B[0m
E     #x1B[0m or is failed. [pytest-clarity diff shown]
E     #x1B[0m
E     #x1B[0m#x1B[32mLHS#x1B[0m vs #x1B[31mRHS#x1B[0m shown below
E     #x1B[0m
E     #x1B[0m#x1B[32m&lt;httpx.AsyncClient object at 0x126#x1B[0m#x1B[37;42mc726c#x1B[0m#x1B[32m0&gt;#x1B[0m
E     #x1B[0m#x1B[31m&lt;httpx.AsyncClient object at 0x12#x1B[0m#x1B[37;41m0ac#x1B[0m#x1B[31m6#x1B[0m#x1B[37;41m90#x1B[0m#x1B[31m0&gt;#x1B[0m
E     #x1B[0m)</failure></testcase><testcase classname="tests.unit.test_llm_adapters_comprehensive.TestOpenAIAdapter" name="test_rate_limit_error_handling" time="0.002" /><testcase classname="tests.unit.test_llm_adapters_comprehensive.TestOpenAIAdapter" name="test_generic_exception_handling" time="0.002" /><testcase classname="tests.unit.test_llm_adapters_comprehensive.TestOpenAIAdapter" name="test_correlation_context_integration" time="0.002" /><testcase classname="tests.unit.test_llm_adapters_comprehensive.TestAnthropicAdapter" name="test_anthropic_specific_headers" time="0.003" /><testcase classname="tests.unit.test_llm_adapters_comprehensive.TestAnthropicAdapter" name="test_anthropic_model_mapping" time="0.005" /><testcase classname="tests.unit.test_llm_adapters_comprehensive.TestGeminiAdapter" name="test_api_key_not_in_url" time="0.002" /><testcase classname="tests.unit.test_llm_adapters_comprehensive.TestGeminiAdapter" name="test_api_key_in_header" time="0.002" /><testcase classname="tests.unit.test_llm_adapters_comprehensive.TestGeminiAdapter" name="test_gemini_response_format_variations" time="0.002" /><testcase classname="tests.unit.test_llm_adapters_comprehensive.TestHuggingFaceAdapter" name="test_response_format_list" time="0.096" /><testcase classname="tests.unit.test_llm_adapters_comprehensive.TestHuggingFaceAdapter" name="test_response_format_dict" time="0.002" /><testcase classname="tests.unit.test_llm_adapters_comprehensive.TestHuggingFaceAdapter" name="test_response_format_string" time="0.002" /><testcase classname="tests.unit.test_llm_adapters_comprehensive.TestHuggingFaceAdapter" name="test_response_format_unexpected" time="0.002" /><testcase classname="tests.unit.test_llm_adapters_comprehensive.TestHuggingFaceAdapter" name="test_huggingface_model_url_encoding" time="0.002" /><testcase classname="tests.unit.test_llm_adapters_comprehensive.TestAdapterErrorScenarios" name="test_connection_timeout[OpenAIAdapter-gpt-4]" time="0.002" /><testcase classname="tests.unit.test_llm_adapters_comprehensive.TestAdapterErrorScenarios" name="test_connection_timeout[AnthropicAdapter-claude-3]" time="0.002" /><testcase classname="tests.unit.test_llm_adapters_comprehensive.TestAdapterErrorScenarios" name="test_connection_timeout[GeminiAdapter-gemini-pro]" time="0.002" /><testcase classname="tests.unit.test_llm_adapters_comprehensive.TestAdapterErrorScenarios" name="test_connection_timeout[HuggingFaceAdapter-mistral]" time="0.002" /><testcase classname="tests.unit.test_llm_adapters_comprehensive.TestAdapterErrorScenarios" name="test_invalid_api_key[OpenAIAdapter-gpt-4]" time="0.002" /><testcase classname="tests.unit.test_llm_adapters_comprehensive.TestAdapterErrorScenarios" name="test_invalid_api_key[AnthropicAdapter-claude-3]" time="0.002" /><testcase classname="tests.unit.test_llm_adapters_comprehensive.TestAdapterErrorScenarios" name="test_invalid_api_key[GeminiAdapter-gemini-pro]" time="0.002" /><testcase classname="tests.unit.test_llm_adapters_comprehensive.TestAdapterErrorScenarios" name="test_invalid_api_key[HuggingFaceAdapter-mistral]" time="0.002" /><testcase classname="tests.unit.test_llm_adapters_comprehensive.TestAdapterErrorScenarios" name="test_json_decode_error[OpenAIAdapter-gpt-4]" time="0.002" /><testcase classname="tests.unit.test_llm_adapters_comprehensive.TestAdapterErrorScenarios" name="test_json_decode_error[AnthropicAdapter-claude-3]" time="0.002" /><testcase classname="tests.unit.test_llm_adapters_comprehensive.TestAdapterErrorScenarios" name="test_json_decode_error[GeminiAdapter-gemini-pro]" time="0.002" /><testcase classname="tests.unit.test_llm_adapters_comprehensive.TestAdapterErrorScenarios" name="test_json_decode_error[HuggingFaceAdapter-mistral]" time="0.002" /><testcase classname="tests.unit.test_middleware" name="test_security_headers_present" time="0.003" /><testcase classname="tests.unit.test_middleware" name="test_rate_limit_headers_present" time="0.002" /><testcase classname="tests.unit.test_model_selection_service" name="test_model_selection_ranks_models_by_score" time="0.004" /><testcase classname="tests.unit.test_oauth_service" name="test_generate_oauth_url_unsupported" time="0.001" /><testcase classname="tests.unit.test_oauth_service" name="test_generate_oauth_url_google" time="0.001" /><testcase classname="tests.unit.test_oauth_service" name="test_validate_oauth_state" time="0.001" /><testcase classname="tests.unit.test_pricing_service.TestPricingService" name="test_calculate_cost_single_model" time="0.000"><skipped type="pytest.skip" message="Pricing service pending specialist implementation">/Users/joshuafield/Documents/Ultra/tests/unit/test_pricing_service.py:22: Pricing service pending specialist implementation</skipped></testcase><testcase classname="tests.unit.test_pricing_service.TestPricingService" name="test_calculate_cost_batch" time="0.000"><skipped type="pytest.skip" message="Pricing service pending specialist implementation">/Users/joshuafield/Documents/Ultra/tests/unit/test_pricing_service.py:27: Pricing service pending specialist implementation</skipped></testcase><testcase classname="tests.unit.test_pricing_service.TestPricingService" name="test_get_model_pricing" time="0.000"><skipped type="pytest.skip" message="Pricing service pending specialist implementation">/Users/joshuafield/Documents/Ultra/tests/unit/test_pricing_service.py:32: Pricing service pending specialist implementation</skipped></testcase><testcase classname="tests.unit.test_pricing_service.TestPricingService" name="test_get_historical_pricing" time="0.000"><skipped type="pytest.skip" message="Pricing service pending specialist implementation">/Users/joshuafield/Documents/Ultra/tests/unit/test_pricing_service.py:37: Pricing service pending specialist implementation</skipped></testcase><testcase classname="tests.unit.test_pricing_service.TestPricingService" name="test_list_all_model_pricing" time="0.000"><skipped type="pytest.skip" message="Pricing service pending specialist implementation">/Users/joshuafield/Documents/Ultra/tests/unit/test_pricing_service.py:42: Pricing service pending specialist implementation</skipped></testcase><testcase classname="tests.unit.test_pricing_service.TestPricingService" name="test_estimate_cost_from_prompt" time="0.000"><skipped type="pytest.skip" message="Pricing service pending specialist implementation">/Users/joshuafield/Documents/Ultra/tests/unit/test_pricing_service.py:47: Pricing service pending specialist implementation</skipped></testcase><testcase classname="tests.unit.test_pricing_service.TestPricingService" name="test_update_pricing_admin" time="0.000"><skipped type="pytest.skip" message="Pricing service pending specialist implementation">/Users/joshuafield/Documents/Ultra/tests/unit/test_pricing_service.py:52: Pricing service pending specialist implementation</skipped></testcase><testcase classname="tests.unit.test_pricing_service.TestPricingService" name="test_pricing_not_found_error" time="0.000"><skipped type="pytest.skip" message="Pricing service pending specialist implementation">/Users/joshuafield/Documents/Ultra/tests/unit/test_pricing_service.py:57: Pricing service pending specialist implementation</skipped></testcase><testcase classname="tests.unit.test_pricing_service.TestPricingService" name="test_usage_cost_summary" time="0.000"><skipped type="pytest.skip" message="Pricing service pending specialist implementation">/Users/joshuafield/Documents/Ultra/tests/unit/test_pricing_service.py:62: Pricing service pending specialist implementation</skipped></testcase><testcase classname="tests.unit.test_pricing_service.TestPricingService" name="test_export_usage_report" time="0.000"><skipped type="pytest.skip" message="Pricing service pending specialist implementation">/Users/joshuafield/Documents/Ultra/tests/unit/test_pricing_service.py:67: Pricing service pending specialist implementation</skipped></testcase><testcase classname="tests.unit.test_pricing_service.TestPricingService" name="test_token_counting_accuracy" time="0.000"><skipped type="pytest.skip" message="Pricing service pending specialist implementation">/Users/joshuafield/Documents/Ultra/tests/unit/test_pricing_service.py:72: Pricing service pending specialist implementation</skipped></testcase><testcase classname="tests.unit.test_pricing_service.TestPricingService" name="test_multi_currency_support" time="0.000"><skipped type="pytest.skip" message="Pricing service pending specialist implementation">/Users/joshuafield/Documents/Ultra/tests/unit/test_pricing_service.py:77: Pricing service pending specialist implementation</skipped></testcase><testcase classname="tests.unit.test_pricing_service.TestPricingService" name="test_pricing_cache_performance" time="0.000"><skipped type="pytest.skip" message="Pricing service pending specialist implementation">/Users/joshuafield/Documents/Ultra/tests/unit/test_pricing_service.py:82: Pricing service pending specialist implementation</skipped></testcase><testcase classname="tests.unit.test_pricing_service.TestPricingService" name="test_concurrent_cost_calculations" time="0.000"><skipped type="pytest.skip" message="Pricing service pending specialist implementation">/Users/joshuafield/Documents/Ultra/tests/unit/test_pricing_service.py:87: Pricing service pending specialist implementation</skipped></testcase><testcase classname="tests.unit.test_recovery_service" name="test_retry_on_timeout" time="0.002"><failure message="ImportError: cannot import name 'RecoveryError' from 'app.utils.errors' (unknown location)">tests/unit/test_recovery_service.py:7: in test_retry_on_timeout
    from app.services.recovery_service import RecoveryService, RecoveryType
app/services/recovery_service.py:18: in &lt;module&gt;
    from app.utils.errors import RecoveryError, SystemError
E   ImportError: cannot import name 'RecoveryError' from 'app.utils.errors' (unknown location)</failure></testcase><testcase classname="tests.unit.test_recovery_service" name="test_circuit_breaker_integration" time="0.002"><failure message="ImportError: cannot import name 'RecoveryError' from 'app.utils.errors' (unknown location)">tests/unit/test_recovery_service.py:46: in test_circuit_breaker_integration
    from app.services.recovery_service import RecoveryService, RecoveryType
app/services/recovery_service.py:18: in &lt;module&gt;
    from app.utils.errors import RecoveryError, SystemError
E   ImportError: cannot import name 'RecoveryError' from 'app.utils.errors' (unknown location)</failure></testcase><testcase classname="tests.unit.test_recovery_service_simple" name="test_retry_on_timeout" time="0.002" /><testcase classname="tests.unit.test_recovery_service_simple" name="test_circuit_breaker_integration" time="0.001" /><testcase classname="tests.unit.test_request_tracking.TestRequestIDMiddleware" name="test_generates_request_id" time="0.003" /><testcase classname="tests.unit.test_request_tracking.TestRequestIDMiddleware" name="test_preserves_existing_request_id" time="0.003" /><testcase classname="tests.unit.test_request_tracking.TestRequestIDMiddleware" name="test_correlation_id_handling" time="0.002" /><testcase classname="tests.unit.test_request_tracking.TestRequestIDMiddleware" name="test_uses_request_id_as_correlation_fallback" time="0.002" /><testcase classname="tests.unit.test_request_tracking.TestRequestIDInjector" name="test_inject_headers" time="0.001" /><testcase classname="tests.unit.test_request_tracking.TestRequestIDInjector" name="test_from_request" time="0.001" /><testcase classname="tests.unit.test_request_tracking.TestTrackedOrchestrationService" name="test_set_request_context" time="0.002" /><testcase classname="tests.unit.test_request_tracking.TestTrackedOrchestrationService" name="test_create_adapter_with_tracking" time="0.002" /><testcase classname="tests.unit.test_request_tracking.TestTrackedLLMAdapters" name="test_tracked_adapter_logging" time="0.001" /><testcase classname="tests.unit.test_request_tracking.TestTrackedLLMAdapters" name="test_tracked_http_client" time="0.001" /><testcase classname="tests.unit.test_request_tracking.TestCorrelationContext" name="test_correlation_context_lifecycle" time="0.001" /><testcase classname="tests.unit.test_service_unavailable.TestServiceUnavailable" name="test_service_unavailable_with_one_model" time="0.002" /><testcase classname="tests.unit.test_service_unavailable.TestServiceUnavailable" name="test_service_available_with_multiple_models" time="0.003" /><testcase classname="tests.unit.test_service_unavailable.TestServiceUnavailable" name="test_service_status_endpoint" time="0.001" /><testcase classname="tests.unit.test_service_unavailable.TestServiceUnavailable" name="test_zero_models_available" time="0.002" /><testcase classname="tests.unit.test_service_unavailable.TestServiceUnavailable" name="test_error_message_clarity" time="0.002" /><testcase classname="tests.unit.test_single_model_fallback.TestSingleModelFallback" name="test_single_model_operation_enabled" time="0.004" /><testcase classname="tests.unit.test_single_model_fallback.TestSingleModelFallback" name="test_single_model_operation_disabled" time="0.002" /><testcase classname="tests.unit.test_single_model_fallback.TestSingleModelFallback" name="test_default_models_with_single_fallback" time="0.002" /><testcase classname="tests.unit.test_single_model_fallback.TestSingleModelFallback" name="test_peer_review_skipped_with_single_model" time="0.002" /><testcase classname="tests.unit.test_single_model_fallback.TestSingleModelFallback" name="test_ultra_synthesis_with_single_model" time="0.003" /><testcase classname="tests.unit.test_single_model_fallback.TestSingleModelFallback" name="test_minimum_models_configuration" time="0.002" /><testcase classname="tests.unit.test_standardized_llm_errors.TestStandardizedErrors" name="test_authentication_error_openai" time="0.002" /><testcase classname="tests.unit.test_standardized_llm_errors.TestStandardizedErrors" name="test_authentication_error_anthropic" time="0.002" /><testcase classname="tests.unit.test_standardized_llm_errors.TestStandardizedErrors" name="test_rate_limit_error_all_providers" time="0.003" /><testcase classname="tests.unit.test_standardized_llm_errors.TestStandardizedErrors" name="test_model_not_found_error" time="0.002" /><testcase classname="tests.unit.test_standardized_llm_errors.TestStandardizedErrors" name="test_timeout_error" time="0.002" /><testcase classname="tests.unit.test_standardized_llm_errors.TestStandardizedErrors" name="test_huggingface_model_loading" time="0.002" /><testcase classname="tests.unit.test_standardized_llm_errors.TestStandardizedErrors" name="test_success_response_format" time="0.002" /><testcase classname="tests.unit.test_standardized_llm_errors.TestErrorResponseModel" name="test_error_response_to_legacy_format" time="0.001" /><testcase classname="tests.unit.test_standardized_llm_errors.TestErrorResponseModel" name="test_authentication_error_legacy_format" time="0.001" /><testcase classname="tests.unit.test_streaming_orchestration.TestStreamingOrchestrationService" name="test_stream_pipeline_start_event" time="0.002" /><testcase classname="tests.unit.test_streaming_orchestration.TestStreamingOrchestrationService" name="test_sse_format" time="0.002" /><testcase classname="tests.unit.test_streaming_orchestration.TestStreamingOrchestrationService" name="test_stage_events_emitted" time="0.003" /><testcase classname="tests.unit.test_streaming_orchestration.TestStreamingOrchestrationService" name="test_synthesis_chunking" time="0.002" /><testcase classname="tests.unit.test_streaming_orchestration.TestStreamingOrchestrationService" name="test_model_response_streaming" time="0.002" /><testcase classname="tests.unit.test_streaming_orchestration.TestStreamingOrchestrationService" name="test_streaming_config" time="0.002" /><testcase classname="tests.unit.test_streaming_orchestration.TestStreamingOrchestrationService" name="test_error_event_on_failure" time="0.002" /><testcase classname="tests.unit.test_streaming_orchestration.TestStreamingEndpoint" name="test_streaming_endpoint_headers" time="0.244" /><testcase classname="tests.unit.test_telemetry.TestTelemetryService" name="test_telemetry_initialization" time="0.001" /><testcase classname="tests.unit.test_telemetry.TestTelemetryService" name="test_record_request" time="0.001" /><testcase classname="tests.unit.test_telemetry.TestTelemetryService" name="test_record_llm_request" time="0.001" /><testcase classname="tests.unit.test_telemetry.TestTelemetryService" name="test_record_stage_duration" time="0.001" /><testcase classname="tests.unit.test_telemetry.TestTelemetryService" name="test_record_error" time="0.001" /><testcase classname="tests.unit.test_telemetry.TestTelemetryService" name="test_trace_span_context_manager" time="0.001" /><testcase classname="tests.unit.test_telemetry.TestTelemetryService" name="test_measure_stage_context_manager" time="0.106" /><testcase classname="tests.unit.test_telemetry.TestTelemetryLLMWrapper" name="test_wrapper_initialization" time="0.003" /><testcase classname="tests.unit.test_telemetry.TestTelemetryLLMWrapper" name="test_wrapper_generate_success" time="0.004" /><testcase classname="tests.unit.test_telemetry.TestTelemetryLLMWrapper" name="test_wrapper_generate_error" time="0.002" /><testcase classname="tests.unit.test_telemetry.TestTelemetryLLMWrapper" name="test_wrapper_generate_exception" time="0.004" /><testcase classname="tests.unit.test_telemetry.TestTelemetryLLMWrapper" name="test_token_estimation" time="0.001" /><testcase classname="tests.unit.test_telemetry.TestTelemetryLLMWrapper" name="test_cost_calculation" time="0.001" /><testcase classname="tests.unit.test_telemetry.TestTelemetryLLMWrapper" name="test_wrapper_metrics" time="0.010" /></testsuite></testsuites>