{"timestamp": "2025-09-11T22:59:04.780028", "level": "INFO", "logger": "security_headers_middleware", "message": "Security headers middleware added to application", "correlation_id": "badb1050-bb47-449c-a5cd-581fb7afbd79", "module": "security_headers_middleware", "function": "setup_security_headers_middleware", "line": 207}
{"timestamp": "2025-09-11T22:59:04.780254", "level": "INFO", "logger": "performance_middleware", "message": "Performance optimization middleware enabled", "correlation_id": "badb1050-bb47-449c-a5cd-581fb7afbd79", "module": "performance_middleware", "function": "setup_performance_middleware", "line": 152}
{"timestamp": "2025-09-11T22:59:04.780278", "level": "INFO", "logger": "test_app_setup", "message": "Performance optimization middleware enabled", "correlation_id": "badb1050-bb47-449c-a5cd-581fb7afbd79", "module": "app", "function": "create_app", "line": 88}
{"timestamp": "2025-09-11T22:59:04.780304", "level": "INFO", "logger": "test_app_setup", "message": "Database initialized (or fallback active)", "correlation_id": "badb1050-bb47-449c-a5cd-581fb7afbd79", "module": "app", "function": "create_app", "line": 95}
{"timestamp": "2025-09-11T22:59:04.782937", "level": "INFO", "logger": "test_app_setup", "message": "Structured logging middleware enabled", "correlation_id": "badb1050-bb47-449c-a5cd-581fb7afbd79", "module": "app", "function": "create_app", "line": 105}
{"timestamp": "2025-09-11T22:59:04.782971", "level": "INFO", "logger": "app.middleware.telemetry_middleware", "message": "Telemetry middleware added to application", "correlation_id": "badb1050-bb47-449c-a5cd-581fb7afbd79", "module": "telemetry_middleware", "function": "setup_telemetry_middleware", "line": 131}
{"timestamp": "2025-09-11T22:59:04.782996", "level": "INFO", "logger": "test_app_setup", "message": "Telemetry middleware enabled", "correlation_id": "badb1050-bb47-449c-a5cd-581fb7afbd79", "module": "app", "function": "create_app", "line": 112}
{"timestamp": "2025-09-11T22:59:04.783023", "level": "INFO", "logger": "rate_limit_middleware", "message": "Rate limiting middleware added to application", "correlation_id": "badb1050-bb47-449c-a5cd-581fb7afbd79", "module": "rate_limit_middleware", "function": "setup_rate_limit_middleware", "line": 131}
{"timestamp": "2025-09-11T22:59:04.783044", "level": "INFO", "logger": "test_app_setup", "message": "Rate limiting middleware enabled", "correlation_id": "badb1050-bb47-449c-a5cd-581fb7afbd79", "module": "app", "function": "create_app", "line": 130}
{"timestamp": "2025-09-11T22:59:04.783065", "level": "INFO", "logger": "combined_auth_middleware", "message": "Combined authentication middleware added to application", "correlation_id": "badb1050-bb47-449c-a5cd-581fb7afbd79", "module": "combined_auth_middleware", "function": "setup_combined_auth_middleware", "line": 264}
{"timestamp": "2025-09-11T22:59:04.783085", "level": "INFO", "logger": "test_app_setup", "message": "Authentication middleware enabled (JWT + API Key support)", "correlation_id": "badb1050-bb47-449c-a5cd-581fb7afbd79", "module": "app", "function": "create_app", "line": 157}
{"timestamp": "2025-09-11T22:59:04.783109", "level": "INFO", "logger": "error_handler", "message": "Exception handlers registered", "correlation_id": "badb1050-bb47-449c-a5cd-581fb7afbd79", "module": "unified_error_handler", "function": "register_exception_handlers", "line": 1138}
{"timestamp": "2025-09-11T22:59:04.783320", "level": "INFO", "logger": "error_handler", "message": "Global error handling system configured", "correlation_id": "badb1050-bb47-449c-a5cd-581fb7afbd79", "module": "unified_error_handler", "function": "setup_error_handling", "line": 1164}
{"timestamp": "2025-09-11T22:59:04.783353", "level": "INFO", "logger": "test_app_setup", "message": "Unified error handling system enabled", "correlation_id": "badb1050-bb47-449c-a5cd-581fb7afbd79", "module": "app", "function": "create_app", "line": 162}
{"timestamp": "2025-09-11T22:59:04.787992", "level": "INFO", "logger": "transaction_service", "message": "Loaded financial data from file", "correlation_id": "badb1050-bb47-449c-a5cd-581fb7afbd79", "module": "transaction_service", "function": "_load_data", "line": 113}
{"timestamp": "2025-09-11T22:59:04.788125", "level": "INFO", "logger": "test_app_setup", "message": "\ud83e\uddea TESTING mode \u2013 lightweight OrchestrationService attached to app.state", "correlation_id": "badb1050-bb47-449c-a5cd-581fb7afbd79", "module": "app", "function": "create_app", "line": 220}
{"timestamp": "2025-09-11T22:59:04.788223", "level": "INFO", "logger": "test_app_setup", "message": "SmartModelSelectionService initialized", "correlation_id": "badb1050-bb47-449c-a5cd-581fb7afbd79", "module": "app", "function": "create_app", "line": 231}
{"timestamp": "2025-09-11T22:59:04.789004", "level": "INFO", "logger": "security_headers_middleware", "message": "Initialized SecurityHeadersMiddleware with 10 CSP directives", "correlation_id": "badb1050-bb47-449c-a5cd-581fb7afbd79", "module": "security_headers_middleware", "function": "__init__", "line": 81}
{"timestamp": "2025-09-11T22:59:04.789063", "level": "INFO", "logger": "app.middleware.telemetry_middleware", "message": "Telemetry middleware initialized", "correlation_id": "badb1050-bb47-449c-a5cd-581fb7afbd79", "module": "telemetry_middleware", "function": "__init__", "line": 30}
{"timestamp": "2025-09-11T22:59:04.789088", "level": "INFO", "logger": "rate_limit_middleware", "message": "Initialized RateLimitMiddleware with 6 excluded paths", "correlation_id": "badb1050-bb47-449c-a5cd-581fb7afbd79", "module": "rate_limit_middleware", "function": "__init__", "line": 47}
{"timestamp": "2025-09-11T22:59:04.789111", "level": "INFO", "logger": "combined_auth_middleware", "message": "Initialized CombinedAuthMiddleware with 9 public paths and 2 protected paths", "correlation_id": "badb1050-bb47-449c-a5cd-581fb7afbd79", "module": "combined_auth_middleware", "function": "__init__", "line": 52}
{"timestamp": "2025-09-11T22:59:04.789136", "level": "INFO", "logger": "error_handler", "message": "Initialized GlobalErrorHandlingMiddleware with debug_details=True, exclude_paths=None", "correlation_id": "badb1050-bb47-449c-a5cd-581fb7afbd79", "module": "unified_error_handler", "function": "__init__", "line": 792}
{"timestamp": "2025-09-11T22:59:04.789462", "level": "INFO", "logger": "request", "message": "POST /api/orchestrator/analyze", "correlation_id": "ultra-d1927451-de2a-40c8-8a4d-ec09710ee719", "module": "structured_logging", "function": "request", "line": 603}
{"timestamp": "2025-09-11T22:59:04.789462", "level": "INFO", "logger": "request", "message": "POST /api/orchestrator/analyze", "correlation_id": "ultra-d1927451-de2a-40c8-8a4d-ec09710ee719", "module": "structured_logging", "function": "request", "line": 603}
{"timestamp": "2025-09-11T22:59:04.789462", "level": "INFO", "logger": "request", "message": "POST /api/orchestrator/analyze", "correlation_id": "ultra-d1927451-de2a-40c8-8a4d-ec09710ee719", "module": "structured_logging", "function": "request", "line": 603}
{"timestamp": "2025-09-11T22:59:04.789462", "level": "INFO", "logger": "request", "message": "POST /api/orchestrator/analyze", "correlation_id": "ultra-d1927451-de2a-40c8-8a4d-ec09710ee719", "module": "structured_logging", "function": "request", "line": 603}
{"timestamp": "2025-09-11T22:59:04.789462", "level": "INFO", "logger": "request", "message": "POST /api/orchestrator/analyze", "correlation_id": "ultra-d1927451-de2a-40c8-8a4d-ec09710ee719", "module": "structured_logging", "function": "request", "line": 603}
{"timestamp": "2025-09-11T22:59:04.789462", "level": "INFO", "logger": "request", "message": "POST /api/orchestrator/analyze", "correlation_id": "ultra-d1927451-de2a-40c8-8a4d-ec09710ee719", "module": "structured_logging", "function": "request", "line": 603}
{"timestamp": "2025-09-11T22:59:04.789462", "level": "INFO", "logger": "request", "message": "POST /api/orchestrator/analyze", "correlation_id": "ultra-d1927451-de2a-40c8-8a4d-ec09710ee719", "module": "structured_logging", "function": "request", "line": 603}
{"timestamp": "2025-09-11T22:59:04.789462", "level": "INFO", "logger": "request", "message": "POST /api/orchestrator/analyze", "correlation_id": "ultra-d1927451-de2a-40c8-8a4d-ec09710ee719", "module": "structured_logging", "function": "request", "line": 603}
{"timestamp": "2025-09-11T22:59:04.789462", "level": "INFO", "logger": "request", "message": "POST /api/orchestrator/analyze", "correlation_id": "ultra-d1927451-de2a-40c8-8a4d-ec09710ee719", "module": "structured_logging", "function": "request", "line": 603}
{"timestamp": "2025-09-11T22:59:04.789462", "level": "INFO", "logger": "request", "message": "POST /api/orchestrator/analyze", "correlation_id": "ultra-d1927451-de2a-40c8-8a4d-ec09710ee719", "module": "structured_logging", "function": "request", "line": 603}
{"timestamp": "2025-09-11T22:59:04.789462", "level": "INFO", "logger": "request", "message": "POST /api/orchestrator/analyze", "correlation_id": "ultra-d1927451-de2a-40c8-8a4d-ec09710ee719", "module": "structured_logging", "function": "request", "line": 603}
{"timestamp": "2025-09-11T22:59:04.789462", "level": "INFO", "logger": "request", "message": "POST /api/orchestrator/analyze", "correlation_id": "ultra-d1927451-de2a-40c8-8a4d-ec09710ee719", "module": "structured_logging", "function": "request", "line": 603}
{"timestamp": "2025-09-11T22:59:04.789462", "level": "INFO", "logger": "request", "message": "POST /api/orchestrator/analyze", "correlation_id": "ultra-d1927451-de2a-40c8-8a4d-ec09710ee719", "module": "structured_logging", "function": "request", "line": 603}
{"timestamp": "2025-09-11T22:59:04.789462", "level": "INFO", "logger": "request", "message": "POST /api/orchestrator/analyze", "correlation_id": "ultra-d1927451-de2a-40c8-8a4d-ec09710ee719", "module": "structured_logging", "function": "request", "line": 603}
{"timestamp": "2025-09-11T22:59:04.789462", "level": "INFO", "logger": "request", "message": "POST /api/orchestrator/analyze", "correlation_id": "ultra-d1927451-de2a-40c8-8a4d-ec09710ee719", "module": "structured_logging", "function": "request", "line": 603}
{"timestamp": "2025-09-11T22:59:04.789462", "level": "INFO", "logger": "request", "message": "POST /api/orchestrator/analyze", "correlation_id": "ultra-d1927451-de2a-40c8-8a4d-ec09710ee719", "module": "structured_logging", "function": "request", "line": 603}
{"timestamp": "2025-09-11T22:59:04.789462", "level": "INFO", "logger": "request", "message": "POST /api/orchestrator/analyze", "correlation_id": "ultra-d1927451-de2a-40c8-8a4d-ec09710ee719", "module": "structured_logging", "function": "request", "line": 603}
{"timestamp": "2025-09-11T22:59:04.789462", "level": "INFO", "logger": "request", "message": "POST /api/orchestrator/analyze", "correlation_id": "ultra-d1927451-de2a-40c8-8a4d-ec09710ee719", "module": "structured_logging", "function": "request", "line": 603}
{"timestamp": "2025-09-11T22:59:04.789462", "level": "INFO", "logger": "request", "message": "POST /api/orchestrator/analyze", "correlation_id": "ultra-d1927451-de2a-40c8-8a4d-ec09710ee719", "module": "structured_logging", "function": "request", "line": 603}
{"timestamp": "2025-09-11T22:59:04.789462", "level": "INFO", "logger": "request", "message": "POST /api/orchestrator/analyze", "correlation_id": "ultra-d1927451-de2a-40c8-8a4d-ec09710ee719", "module": "structured_logging", "function": "request", "line": 603}
{"timestamp": "2025-09-11T22:59:04.789462", "level": "INFO", "logger": "request", "message": "POST /api/orchestrator/analyze", "correlation_id": "ultra-d1927451-de2a-40c8-8a4d-ec09710ee719", "module": "structured_logging", "function": "request", "line": 603}
{"timestamp": "2025-09-11T22:59:04.789462", "level": "INFO", "logger": "request", "message": "POST /api/orchestrator/analyze", "correlation_id": "ultra-d1927451-de2a-40c8-8a4d-ec09710ee719", "module": "structured_logging", "function": "request", "line": 603}
{"timestamp": "2025-09-11T22:59:04.790078", "level": "DEBUG", "logger": "request_id_middleware", "message": "Processing request: POST /api/orchestrator/analyze", "correlation_id": "req_54cb9473a80148b0", "module": "request_id_middleware", "function": "dispatch", "line": 45}
{"timestamp": "2025-09-11T22:59:04.794144", "level": "WARNING", "logger": "error_handler", "message": "Warning processing request: 401: Unauthorized", "correlation_id": "req_54cb9473a80148b0", "module": "unified_error_handler", "function": "log_exception", "line": 625}
{"timestamp": "2025-09-11T22:59:04.794220", "level": "DEBUG", "logger": "error_handler", "message": "Exception traceback: Traceback (most recent call last):\n  File \"/Users/joshuafield/Documents/Ultra/venv/lib/python3.13/site-packages/anyio/_backends/_asyncio.py\", line 776, in __aexit__\n    raise exc_val\n  File \"/Users/joshuafield/Documents/Ultra/venv/lib/python3.13/site-packages/anyio/_backends/_asyncio.py\", line 744, in __aexit__\n    await self._on_completed_fut\n  File \"/opt/homebrew/Cellar/python@3.13/3.13.5/Frameworks/Python.framework/Versions/3.13/lib/python3.13/asyncio/futures.py\", line 286, in __await__\n    yield self  # This tells Task to wait for completion.\n    ^^^^^^^^^^\n  File \"/opt/homebrew/Cellar/python@3.13/3.13.5/Frameworks/Python.framework/Versions/3.13/lib/python3.13/asyncio/tasks.py\", line 375, in __wakeup\n    future.result()\n    ~~~~~~~~~~~~~^^\n  File \"/opt/homebrew/Cellar/python@3.13/3.13.5/Frameworks/Python.framework/Versions/3.13/lib/python3.13/asyncio/futures.py\", line 194, in result\n    raise self._make_cancelled_error()\nasyncio.exceptions.CancelledError: Cancelled by cancel scope 126a1d390\n\nDuring handling of the above exception, another exception occurred:\n\nTraceback (most recent call last):\n  File \"/Users/joshuafield/Documents/Ultra/venv/lib/python3.13/site-packages/starlette/_exception_handler.py\", line 42, in wrapped_app\n    await app(scope, receive, sender)\n  File \"/Users/joshuafield/Documents/Ultra/venv/lib/python3.13/site-packages/starlette/routing.py\", line 75, in app\n    response = await f(request)\n               ^^^^^^^^^^^^^^^^\n  File \"/Users/joshuafield/Documents/Ultra/venv/lib/python3.13/site-packages/fastapi/routing.py\", line 292, in app\n    solved_result = await solve_dependencies(\n                    ^^^^^^^^^^^^^^^^^^^^^^^^^\n    ...<6 lines>...\n    )\n    ^\n  File \"/Users/joshuafield/Documents/Ultra/venv/lib/python3.13/site-packages/fastapi/dependencies/utils.py\", line 638, in solve_dependencies\n    solved = await call(**solved_result.values)\n             ^^^^^^^^^^^^^^^^^^^^^^^^^^^^^^^^^^\n  File \"/Users/joshuafield/Documents/Ultra/app/middleware/combined_auth_middleware.py\", line 304, in require_auth\n    raise HTTPException(status_code=status.HTTP_401_UNAUTHORIZED, detail=\"Unauthorized\")\nfastapi.exceptions.HTTPException: 401: Unauthorized\n", "correlation_id": "req_54cb9473a80148b0", "module": "unified_error_handler", "function": "log_exception", "line": 632}
{"timestamp": "2025-09-11T22:59:04.794746", "level": "INFO", "logger": "app.middleware.telemetry_middleware", "message": "POST /api/orchestrator/analyze completed", "correlation_id": "fd1f2b59-5feb-4e9f-8734-52f44c679b3b", "module": "telemetry_middleware", "function": "dispatch", "line": 89}
{"timestamp": "2025-09-11T22:59:04.795100", "level": "WARNING", "logger": "request", "message": "POST /api/orchestrator/analyze 401 (5.14ms)", "correlation_id": "fd1f2b59-5feb-4e9f-8734-52f44c679b3b", "module": "structured_logging", "function": "response", "line": 653}
{"timestamp": "2025-09-11T22:59:04.795100", "level": "WARNING", "logger": "request", "message": "POST /api/orchestrator/analyze 401 (5.14ms)", "correlation_id": "fd1f2b59-5feb-4e9f-8734-52f44c679b3b", "module": "structured_logging", "function": "response", "line": 653}
{"timestamp": "2025-09-11T22:59:04.795100", "level": "WARNING", "logger": "request", "message": "POST /api/orchestrator/analyze 401 (5.14ms)", "correlation_id": "fd1f2b59-5feb-4e9f-8734-52f44c679b3b", "module": "structured_logging", "function": "response", "line": 653}
{"timestamp": "2025-09-11T22:59:04.795100", "level": "WARNING", "logger": "request", "message": "POST /api/orchestrator/analyze 401 (5.14ms)", "correlation_id": "fd1f2b59-5feb-4e9f-8734-52f44c679b3b", "module": "structured_logging", "function": "response", "line": 653}
{"timestamp": "2025-09-11T22:59:04.795100", "level": "WARNING", "logger": "request", "message": "POST /api/orchestrator/analyze 401 (5.14ms)", "correlation_id": "fd1f2b59-5feb-4e9f-8734-52f44c679b3b", "module": "structured_logging", "function": "response", "line": 653}
{"timestamp": "2025-09-11T22:59:04.795100", "level": "WARNING", "logger": "request", "message": "POST /api/orchestrator/analyze 401 (5.14ms)", "correlation_id": "fd1f2b59-5feb-4e9f-8734-52f44c679b3b", "module": "structured_logging", "function": "response", "line": 653}
{"timestamp": "2025-09-11T22:59:04.795100", "level": "WARNING", "logger": "request", "message": "POST /api/orchestrator/analyze 401 (5.14ms)", "correlation_id": "fd1f2b59-5feb-4e9f-8734-52f44c679b3b", "module": "structured_logging", "function": "response", "line": 653}
{"timestamp": "2025-09-11T22:59:04.795100", "level": "WARNING", "logger": "request", "message": "POST /api/orchestrator/analyze 401 (5.14ms)", "correlation_id": "fd1f2b59-5feb-4e9f-8734-52f44c679b3b", "module": "structured_logging", "function": "response", "line": 653}
{"timestamp": "2025-09-11T22:59:04.795100", "level": "WARNING", "logger": "request", "message": "POST /api/orchestrator/analyze 401 (5.14ms)", "correlation_id": "fd1f2b59-5feb-4e9f-8734-52f44c679b3b", "module": "structured_logging", "function": "response", "line": 653}
{"timestamp": "2025-09-11T22:59:04.795100", "level": "WARNING", "logger": "request", "message": "POST /api/orchestrator/analyze 401 (5.14ms)", "correlation_id": "fd1f2b59-5feb-4e9f-8734-52f44c679b3b", "module": "structured_logging", "function": "response", "line": 653}
{"timestamp": "2025-09-11T22:59:04.795100", "level": "WARNING", "logger": "request", "message": "POST /api/orchestrator/analyze 401 (5.14ms)", "correlation_id": "fd1f2b59-5feb-4e9f-8734-52f44c679b3b", "module": "structured_logging", "function": "response", "line": 653}
{"timestamp": "2025-09-11T22:59:04.795100", "level": "WARNING", "logger": "request", "message": "POST /api/orchestrator/analyze 401 (5.14ms)", "correlation_id": "fd1f2b59-5feb-4e9f-8734-52f44c679b3b", "module": "structured_logging", "function": "response", "line": 653}
{"timestamp": "2025-09-11T22:59:04.795100", "level": "WARNING", "logger": "request", "message": "POST /api/orchestrator/analyze 401 (5.14ms)", "correlation_id": "fd1f2b59-5feb-4e9f-8734-52f44c679b3b", "module": "structured_logging", "function": "response", "line": 653}
{"timestamp": "2025-09-11T22:59:04.795100", "level": "WARNING", "logger": "request", "message": "POST /api/orchestrator/analyze 401 (5.14ms)", "correlation_id": "fd1f2b59-5feb-4e9f-8734-52f44c679b3b", "module": "structured_logging", "function": "response", "line": 653}
{"timestamp": "2025-09-11T22:59:04.795100", "level": "WARNING", "logger": "request", "message": "POST /api/orchestrator/analyze 401 (5.14ms)", "correlation_id": "fd1f2b59-5feb-4e9f-8734-52f44c679b3b", "module": "structured_logging", "function": "response", "line": 653}
{"timestamp": "2025-09-11T22:59:04.795100", "level": "WARNING", "logger": "request", "message": "POST /api/orchestrator/analyze 401 (5.14ms)", "correlation_id": "fd1f2b59-5feb-4e9f-8734-52f44c679b3b", "module": "structured_logging", "function": "response", "line": 653}
{"timestamp": "2025-09-11T22:59:04.795100", "level": "WARNING", "logger": "request", "message": "POST /api/orchestrator/analyze 401 (5.14ms)", "correlation_id": "fd1f2b59-5feb-4e9f-8734-52f44c679b3b", "module": "structured_logging", "function": "response", "line": 653}
{"timestamp": "2025-09-11T22:59:04.795100", "level": "WARNING", "logger": "request", "message": "POST /api/orchestrator/analyze 401 (5.14ms)", "correlation_id": "fd1f2b59-5feb-4e9f-8734-52f44c679b3b", "module": "structured_logging", "function": "response", "line": 653}
{"timestamp": "2025-09-11T22:59:04.795100", "level": "WARNING", "logger": "request", "message": "POST /api/orchestrator/analyze 401 (5.14ms)", "correlation_id": "fd1f2b59-5feb-4e9f-8734-52f44c679b3b", "module": "structured_logging", "function": "response", "line": 653}
{"timestamp": "2025-09-11T22:59:04.795100", "level": "WARNING", "logger": "request", "message": "POST /api/orchestrator/analyze 401 (5.14ms)", "correlation_id": "fd1f2b59-5feb-4e9f-8734-52f44c679b3b", "module": "structured_logging", "function": "response", "line": 653}
{"timestamp": "2025-09-11T22:59:04.795100", "level": "WARNING", "logger": "request", "message": "POST /api/orchestrator/analyze 401 (5.14ms)", "correlation_id": "fd1f2b59-5feb-4e9f-8734-52f44c679b3b", "module": "structured_logging", "function": "response", "line": 653}
{"timestamp": "2025-09-11T22:59:04.795100", "level": "WARNING", "logger": "request", "message": "POST /api/orchestrator/analyze 401 (5.14ms)", "correlation_id": "fd1f2b59-5feb-4e9f-8734-52f44c679b3b", "module": "structured_logging", "function": "response", "line": 653}
