{"name": "test_integration_only", "status": "failed", "statusDetails": {"message": "AssertionError: assert == failed. [pytest-clarity diff shown]\n  \u001b[0m\n  \u001b[0m\u001b[32mLHS\u001b[0m vs \u001b[31mRHS\u001b[0m shown below\n  \u001b[0m\n  \u001b[0m\u001b[32m<TestMode.OFFLINE: 'offline'>\u001b[0m\n  \u001b[0m\u001b[31m<TestMode.INTEGRATION: 'int'>\u001b[0m\n  \u001b[0m", "trace": "tests/test_example_modes.py:26: in test_integration_only\n    assert test_config.mode == TestMode.INTEGRATION\nE   AssertionError: assert == failed. [pytest-clarity diff shown]\nE     \u001b[0m\nE     \u001b[0m\u001b[32mLHS\u001b[0m vs \u001b[31mRHS\u001b[0m shown below\nE     \u001b[0m\nE     \u001b[0m\u001b[32m<TestMode.OFFLINE: 'offline'>\u001b[0m\nE     \u001b[0m\u001b[31m<TestMode.INTEGRATION: 'int'>\u001b[0m\nE     \u001b[0m"}, "description": "This test needs local services.", "start": 1757657438508, "stop": 1757657438510, "uuid": "486c1979-73e0-4e1b-91d5-dfb64055068f", "historyId": "0e148a01db153a8d6128d691abac4f93", "testCaseId": "0e148a01db153a8d6128d691abac4f93", "fullName": "tests.test_example_modes.TestModeExamples#test_integration_only", "labels": [{"name": "tag", "value": "integration"}, {"name": "parentSuite", "value": "tests"}, {"name": "suite", "value": "test_example_modes"}, {"name": "subSuite", "value": "TestModeExamples"}, {"name": "host", "value": "Joshuas-MacBook-Pro-2.local"}, {"name": "thread", "value": "59211-MainThread"}, {"name": "framework", "value": "pytest"}, {"name": "language", "value": "cpython3"}, {"name": "package", "value": "tests.test_example_modes"}], "titlePath": ["tests", "test_example_modes.py", "TestModeExamples"]}