{"timestamp": "2025-09-12T14:05:44.230269", "level": "INFO", "logger": "security_headers_middleware", "message": "Security headers middleware added to application", "correlation_id": "ultra-b812662c-62bc-449a-82ca-5155f045b691", "module": "security_headers_middleware", "function": "setup_security_headers_middleware", "line": 207}
{"timestamp": "2025-09-12T14:05:44.230347", "level": "INFO", "logger": "performance_middleware", "message": "Performance optimization middleware enabled", "correlation_id": "ultra-b812662c-62bc-449a-82ca-5155f045b691", "module": "performance_middleware", "function": "setup_performance_middleware", "line": 152}
{"timestamp": "2025-09-12T14:05:44.230374", "level": "INFO", "logger": "test_app_setup", "message": "Performance optimization middleware enabled", "correlation_id": "ultra-b812662c-62bc-449a-82ca-5155f045b691", "module": "app", "function": "create_app", "line": 88}
{"timestamp": "2025-09-12T14:05:44.230401", "level": "INFO", "logger": "test_app_setup", "message": "Database initialized (or fallback active)", "correlation_id": "ultra-b812662c-62bc-449a-82ca-5155f045b691", "module": "app", "function": "create_app", "line": 95}
{"timestamp": "2025-09-12T14:05:44.230570", "level": "INFO", "logger": "test_app_setup", "message": "Structured logging middleware enabled", "correlation_id": "ultra-b812662c-62bc-449a-82ca-5155f045b691", "module": "app", "function": "create_app", "line": 105}
{"timestamp": "2025-09-12T14:05:44.230596", "level": "INFO", "logger": "app.middleware.telemetry_middleware", "message": "Telemetry middleware added to application", "correlation_id": "ultra-b812662c-62bc-449a-82ca-5155f045b691", "module": "telemetry_middleware", "function": "setup_telemetry_middleware", "line": 131}
{"timestamp": "2025-09-12T14:05:44.230618", "level": "INFO", "logger": "test_app_setup", "message": "Telemetry middleware enabled", "correlation_id": "ultra-b812662c-62bc-449a-82ca-5155f045b691", "module": "app", "function": "create_app", "line": 112}
{"timestamp": "2025-09-12T14:05:44.230643", "level": "INFO", "logger": "rate_limit_middleware", "message": "Rate limiting middleware added to application", "correlation_id": "ultra-b812662c-62bc-449a-82ca-5155f045b691", "module": "rate_limit_middleware", "function": "setup_rate_limit_middleware", "line": 131}
{"timestamp": "2025-09-12T14:05:44.230665", "level": "INFO", "logger": "test_app_setup", "message": "Rate limiting middleware enabled", "correlation_id": "ultra-b812662c-62bc-449a-82ca-5155f045b691", "module": "app", "function": "create_app", "line": 130}
{"timestamp": "2025-09-12T14:05:44.230687", "level": "INFO", "logger": "combined_auth_middleware", "message": "Combined authentication middleware added to application", "correlation_id": "ultra-b812662c-62bc-449a-82ca-5155f045b691", "module": "combined_auth_middleware", "function": "setup_combined_auth_middleware", "line": 264}
{"timestamp": "2025-09-12T14:05:44.230708", "level": "INFO", "logger": "test_app_setup", "message": "Authentication middleware enabled (JWT + API Key support)", "correlation_id": "ultra-b812662c-62bc-449a-82ca-5155f045b691", "module": "app", "function": "create_app", "line": 157}
{"timestamp": "2025-09-12T14:05:44.230733", "level": "INFO", "logger": "error_handler", "message": "Exception handlers registered", "correlation_id": "ultra-b812662c-62bc-449a-82ca-5155f045b691", "module": "unified_error_handler", "function": "register_exception_handlers", "line": 1138}
{"timestamp": "2025-09-12T14:05:44.230777", "level": "INFO", "logger": "error_handler", "message": "Global error handling system configured", "correlation_id": "ultra-b812662c-62bc-449a-82ca-5155f045b691", "module": "unified_error_handler", "function": "setup_error_handling", "line": 1164}
{"timestamp": "2025-09-12T14:05:44.230809", "level": "INFO", "logger": "test_app_setup", "message": "Unified error handling system enabled", "correlation_id": "ultra-b812662c-62bc-449a-82ca-5155f045b691", "module": "app", "function": "create_app", "line": 162}
{"timestamp": "2025-09-12T14:05:44.235491", "level": "INFO", "logger": "transaction_service", "message": "Loaded financial data from file", "correlation_id": "ultra-b812662c-62bc-449a-82ca-5155f045b691", "module": "transaction_service", "function": "_load_data", "line": 113}
{"timestamp": "2025-09-12T14:05:44.235621", "level": "INFO", "logger": "test_app_setup", "message": "\ud83e\uddea TESTING mode \u2013 lightweight OrchestrationService attached to app.state", "correlation_id": "ultra-b812662c-62bc-449a-82ca-5155f045b691", "module": "app", "function": "create_app", "line": 220}
{"timestamp": "2025-09-12T14:05:44.235722", "level": "INFO", "logger": "test_app_setup", "message": "SmartModelSelectionService initialized", "correlation_id": "ultra-b812662c-62bc-449a-82ca-5155f045b691", "module": "app", "function": "create_app", "line": 231}
{"timestamp": "2025-09-12T14:05:44.236454", "level": "INFO", "logger": "security_headers_middleware", "message": "Initialized SecurityHeadersMiddleware with 10 CSP directives", "correlation_id": "ultra-b812662c-62bc-449a-82ca-5155f045b691", "module": "security_headers_middleware", "function": "__init__", "line": 81}
{"timestamp": "2025-09-12T14:05:44.236517", "level": "INFO", "logger": "app.middleware.telemetry_middleware", "message": "Telemetry middleware initialized", "correlation_id": "ultra-b812662c-62bc-449a-82ca-5155f045b691", "module": "telemetry_middleware", "function": "__init__", "line": 30}
{"timestamp": "2025-09-12T14:05:44.236545", "level": "INFO", "logger": "rate_limit_middleware", "message": "Initialized RateLimitMiddleware with 6 excluded paths", "correlation_id": "ultra-b812662c-62bc-449a-82ca-5155f045b691", "module": "rate_limit_middleware", "function": "__init__", "line": 47}
{"timestamp": "2025-09-12T14:05:44.236568", "level": "INFO", "logger": "combined_auth_middleware", "message": "Initialized CombinedAuthMiddleware with 9 public paths and 2 protected paths", "correlation_id": "ultra-b812662c-62bc-449a-82ca-5155f045b691", "module": "combined_auth_middleware", "function": "__init__", "line": 52}
{"timestamp": "2025-09-12T14:05:44.236591", "level": "INFO", "logger": "error_handler", "message": "Initialized GlobalErrorHandlingMiddleware with debug_details=True, exclude_paths=None", "correlation_id": "ultra-b812662c-62bc-449a-82ca-5155f045b691", "module": "unified_error_handler", "function": "__init__", "line": 792}
{"timestamp": "2025-09-12T14:05:44.236890", "level": "INFO", "logger": "request", "message": "POST /api/orchestrator/analyze", "correlation_id": "ultra-823fa5d3-6c0c-4bbf-924a-78cc21d2a3d8", "module": "structured_logging", "function": "request", "line": 603}
{"timestamp": "2025-09-12T14:05:44.236890", "level": "INFO", "logger": "request", "message": "POST /api/orchestrator/analyze", "correlation_id": "ultra-823fa5d3-6c0c-4bbf-924a-78cc21d2a3d8", "module": "structured_logging", "function": "request", "line": 603}
{"timestamp": "2025-09-12T14:05:44.236890", "level": "INFO", "logger": "request", "message": "POST /api/orchestrator/analyze", "correlation_id": "ultra-823fa5d3-6c0c-4bbf-924a-78cc21d2a3d8", "module": "structured_logging", "function": "request", "line": 603}
{"timestamp": "2025-09-12T14:05:44.236890", "level": "INFO", "logger": "request", "message": "POST /api/orchestrator/analyze", "correlation_id": "ultra-823fa5d3-6c0c-4bbf-924a-78cc21d2a3d8", "module": "structured_logging", "function": "request", "line": 603}
{"timestamp": "2025-09-12T14:05:44.236890", "level": "INFO", "logger": "request", "message": "POST /api/orchestrator/analyze", "correlation_id": "ultra-823fa5d3-6c0c-4bbf-924a-78cc21d2a3d8", "module": "structured_logging", "function": "request", "line": 603}
{"timestamp": "2025-09-12T14:05:44.236890", "level": "INFO", "logger": "request", "message": "POST /api/orchestrator/analyze", "correlation_id": "ultra-823fa5d3-6c0c-4bbf-924a-78cc21d2a3d8", "module": "structured_logging", "function": "request", "line": 603}
{"timestamp": "2025-09-12T14:05:44.236890", "level": "INFO", "logger": "request", "message": "POST /api/orchestrator/analyze", "correlation_id": "ultra-823fa5d3-6c0c-4bbf-924a-78cc21d2a3d8", "module": "structured_logging", "function": "request", "line": 603}
{"timestamp": "2025-09-12T14:05:44.236890", "level": "INFO", "logger": "request", "message": "POST /api/orchestrator/analyze", "correlation_id": "ultra-823fa5d3-6c0c-4bbf-924a-78cc21d2a3d8", "module": "structured_logging", "function": "request", "line": 603}
{"timestamp": "2025-09-12T14:05:44.236890", "level": "INFO", "logger": "request", "message": "POST /api/orchestrator/analyze", "correlation_id": "ultra-823fa5d3-6c0c-4bbf-924a-78cc21d2a3d8", "module": "structured_logging", "function": "request", "line": 603}
{"timestamp": "2025-09-12T14:05:44.236890", "level": "INFO", "logger": "request", "message": "POST /api/orchestrator/analyze", "correlation_id": "ultra-823fa5d3-6c0c-4bbf-924a-78cc21d2a3d8", "module": "structured_logging", "function": "request", "line": 603}
{"timestamp": "2025-09-12T14:05:44.236890", "level": "INFO", "logger": "request", "message": "POST /api/orchestrator/analyze", "correlation_id": "ultra-823fa5d3-6c0c-4bbf-924a-78cc21d2a3d8", "module": "structured_logging", "function": "request", "line": 603}
{"timestamp": "2025-09-12T14:05:44.236890", "level": "INFO", "logger": "request", "message": "POST /api/orchestrator/analyze", "correlation_id": "ultra-823fa5d3-6c0c-4bbf-924a-78cc21d2a3d8", "module": "structured_logging", "function": "request", "line": 603}
{"timestamp": "2025-09-12T14:05:44.236890", "level": "INFO", "logger": "request", "message": "POST /api/orchestrator/analyze", "correlation_id": "ultra-823fa5d3-6c0c-4bbf-924a-78cc21d2a3d8", "module": "structured_logging", "function": "request", "line": 603}
{"timestamp": "2025-09-12T14:05:44.236890", "level": "INFO", "logger": "request", "message": "POST /api/orchestrator/analyze", "correlation_id": "ultra-823fa5d3-6c0c-4bbf-924a-78cc21d2a3d8", "module": "structured_logging", "function": "request", "line": 603}
{"timestamp": "2025-09-12T14:05:44.237527", "level": "DEBUG", "logger": "request_id_middleware", "message": "Processing request: POST /api/orchestrator/analyze", "correlation_id": "req_a834abb225674945", "module": "request_id_middleware", "function": "dispatch", "line": 45}
{"timestamp": "2025-09-12T14:05:44.239866", "level": "WARNING", "logger": "error_handler", "message": "Warning processing request: 401: Unauthorized", "correlation_id": "req_a834abb225674945", "module": "unified_error_handler", "function": "log_exception", "line": 625}
{"timestamp": "2025-09-12T14:05:44.239926", "level": "DEBUG", "logger": "error_handler", "message": "Exception traceback: Traceback (most recent call last):\n  File \"/Users/joshuafield/Documents/Ultra/venv/lib/python3.13/site-packages/anyio/_backends/_asyncio.py\", line 776, in __aexit__\n    raise exc_val\n  File \"/Users/joshuafield/Documents/Ultra/venv/lib/python3.13/site-packages/anyio/_backends/_asyncio.py\", line 744, in __aexit__\n    await self._on_completed_fut\n  File \"/opt/homebrew/Cellar/python@3.13/3.13.5/Frameworks/Python.framework/Versions/3.13/lib/python3.13/asyncio/futures.py\", line 286, in __await__\n    yield self  # This tells Task to wait for completion.\n    ^^^^^^^^^^\n  File \"/opt/homebrew/Cellar/python@3.13/3.13.5/Frameworks/Python.framework/Versions/3.13/lib/python3.13/asyncio/tasks.py\", line 375, in __wakeup\n    future.result()\n    ~~~~~~~~~~~~~^^\n  File \"/opt/homebrew/Cellar/python@3.13/3.13.5/Frameworks/Python.framework/Versions/3.13/lib/python3.13/asyncio/futures.py\", line 194, in result\n    raise self._make_cancelled_error()\nasyncio.exceptions.CancelledError: Cancelled by cancel scope 15e7187e0\n\nDuring handling of the above exception, another exception occurred:\n\nTraceback (most recent call last):\n  File \"/Users/joshuafield/Documents/Ultra/venv/lib/python3.13/site-packages/starlette/_exception_handler.py\", line 42, in wrapped_app\n    await app(scope, receive, sender)\n  File \"/Users/joshuafield/Documents/Ultra/venv/lib/python3.13/site-packages/starlette/routing.py\", line 75, in app\n    response = await f(request)\n               ^^^^^^^^^^^^^^^^\n  File \"/Users/joshuafield/Documents/Ultra/venv/lib/python3.13/site-packages/fastapi/routing.py\", line 292, in app\n    solved_result = await solve_dependencies(\n                    ^^^^^^^^^^^^^^^^^^^^^^^^^\n    ...<6 lines>...\n    )\n    ^\n  File \"/Users/joshuafield/Documents/Ultra/venv/lib/python3.13/site-packages/fastapi/dependencies/utils.py\", line 638, in solve_dependencies\n    solved = await call(**solved_result.values)\n             ^^^^^^^^^^^^^^^^^^^^^^^^^^^^^^^^^^\n  File \"/Users/joshuafield/Documents/Ultra/app/middleware/combined_auth_middleware.py\", line 304, in require_auth\n    raise HTTPException(status_code=status.HTTP_401_UNAUTHORIZED, detail=\"Unauthorized\")\nfastapi.exceptions.HTTPException: 401: Unauthorized\n", "correlation_id": "req_a834abb225674945", "module": "unified_error_handler", "function": "log_exception", "line": 632}
{"timestamp": "2025-09-12T14:05:44.240418", "level": "INFO", "logger": "app.middleware.telemetry_middleware", "message": "POST /api/orchestrator/analyze completed", "correlation_id": "b59c7d23-05f4-441c-956c-7eeb15f2302c", "module": "telemetry_middleware", "function": "dispatch", "line": 89}
{"timestamp": "2025-09-12T14:05:44.240764", "level": "WARNING", "logger": "request", "message": "POST /api/orchestrator/analyze 401 (3.36ms)", "correlation_id": "b59c7d23-05f4-441c-956c-7eeb15f2302c", "module": "structured_logging", "function": "response", "line": 653}
{"timestamp": "2025-09-12T14:05:44.240764", "level": "WARNING", "logger": "request", "message": "POST /api/orchestrator/analyze 401 (3.36ms)", "correlation_id": "b59c7d23-05f4-441c-956c-7eeb15f2302c", "module": "structured_logging", "function": "response", "line": 653}
{"timestamp": "2025-09-12T14:05:44.240764", "level": "WARNING", "logger": "request", "message": "POST /api/orchestrator/analyze 401 (3.36ms)", "correlation_id": "b59c7d23-05f4-441c-956c-7eeb15f2302c", "module": "structured_logging", "function": "response", "line": 653}
{"timestamp": "2025-09-12T14:05:44.240764", "level": "WARNING", "logger": "request", "message": "POST /api/orchestrator/analyze 401 (3.36ms)", "correlation_id": "b59c7d23-05f4-441c-956c-7eeb15f2302c", "module": "structured_logging", "function": "response", "line": 653}
{"timestamp": "2025-09-12T14:05:44.240764", "level": "WARNING", "logger": "request", "message": "POST /api/orchestrator/analyze 401 (3.36ms)", "correlation_id": "b59c7d23-05f4-441c-956c-7eeb15f2302c", "module": "structured_logging", "function": "response", "line": 653}
{"timestamp": "2025-09-12T14:05:44.240764", "level": "WARNING", "logger": "request", "message": "POST /api/orchestrator/analyze 401 (3.36ms)", "correlation_id": "b59c7d23-05f4-441c-956c-7eeb15f2302c", "module": "structured_logging", "function": "response", "line": 653}
{"timestamp": "2025-09-12T14:05:44.240764", "level": "WARNING", "logger": "request", "message": "POST /api/orchestrator/analyze 401 (3.36ms)", "correlation_id": "b59c7d23-05f4-441c-956c-7eeb15f2302c", "module": "structured_logging", "function": "response", "line": 653}
{"timestamp": "2025-09-12T14:05:44.240764", "level": "WARNING", "logger": "request", "message": "POST /api/orchestrator/analyze 401 (3.36ms)", "correlation_id": "b59c7d23-05f4-441c-956c-7eeb15f2302c", "module": "structured_logging", "function": "response", "line": 653}
{"timestamp": "2025-09-12T14:05:44.240764", "level": "WARNING", "logger": "request", "message": "POST /api/orchestrator/analyze 401 (3.36ms)", "correlation_id": "b59c7d23-05f4-441c-956c-7eeb15f2302c", "module": "structured_logging", "function": "response", "line": 653}
{"timestamp": "2025-09-12T14:05:44.240764", "level": "WARNING", "logger": "request", "message": "POST /api/orchestrator/analyze 401 (3.36ms)", "correlation_id": "b59c7d23-05f4-441c-956c-7eeb15f2302c", "module": "structured_logging", "function": "response", "line": 653}
{"timestamp": "2025-09-12T14:05:44.240764", "level": "WARNING", "logger": "request", "message": "POST /api/orchestrator/analyze 401 (3.36ms)", "correlation_id": "b59c7d23-05f4-441c-956c-7eeb15f2302c", "module": "structured_logging", "function": "response", "line": 653}
{"timestamp": "2025-09-12T14:05:44.240764", "level": "WARNING", "logger": "request", "message": "POST /api/orchestrator/analyze 401 (3.36ms)", "correlation_id": "b59c7d23-05f4-441c-956c-7eeb15f2302c", "module": "structured_logging", "function": "response", "line": 653}
{"timestamp": "2025-09-12T14:05:44.240764", "level": "WARNING", "logger": "request", "message": "POST /api/orchestrator/analyze 401 (3.36ms)", "correlation_id": "b59c7d23-05f4-441c-956c-7eeb15f2302c", "module": "structured_logging", "function": "response", "line": 653}
{"timestamp": "2025-09-12T14:05:44.240764", "level": "WARNING", "logger": "request", "message": "POST /api/orchestrator/analyze 401 (3.36ms)", "correlation_id": "b59c7d23-05f4-441c-956c-7eeb15f2302c", "module": "structured_logging", "function": "response", "line": 653}
